11:31:34.014 [main                     ] DEBUG Logger               - Configured Logger
11:31:34.033 [main                     ] DEBUG GameApplication      - Logging settings
Title: Escape HSLEIDEN
Version: 1
Width: 1500
Height: 720
Fullscreen: false
Intro: false
Profiling: false
Single step:false
App Mode: DEVELOPER
Menu Key: ESCAPE
Stage Style: DECORATED
Scene Factory: class game.MySceneFactory

11:31:34.386 [JavaFX Application Thread] DEBUG FXGLApplication      - Initializing FXGL
11:31:34.389 [JavaFX Application Thread] INFO  Engine               - FXGL-17 (31.12.2021 18.16) on WINDOWS (J:20 FX:17.0.0.1)
11:31:34.389 [JavaFX Application Thread] DEBUG Engine               - JRE Vendor Name: Oracle Corporation
11:31:34.389 [JavaFX Application Thread] DEBUG Engine               - Running on OS: Windows 11 version 10.0
11:31:34.389 [JavaFX Application Thread] DEBUG Engine               - Architecture: amd64
11:31:34.389 [JavaFX Application Thread] INFO  Engine               - Source code and latest versions at: https://github.com/AlmasB/FXGL
11:31:34.389 [JavaFX Application Thread] INFO  Engine               -       Ask questions and discuss at: https://github.com/AlmasB/FXGL/discussions
11:31:34.390 [JavaFX Application Thread] INFO  Engine               -              Join the FXGL chat at: https://gitter.im/AlmasB/FXGL
11:31:34.444 [JavaFX Application Thread] DEBUG PrimaryStageWindow   - Creating a JavaFX scene
11:31:34.472 [JavaFX Application Thread] DEBUG PrimaryStageWindow   - Target settings size: 1500.0 x 720.0
11:31:34.473 [JavaFX Application Thread] DEBUG PrimaryStageWindow   - Scaled scene size:    1500.0 x 720.0
11:31:34.473 [JavaFX Application Thread] DEBUG PrimaryStageWindow   - Scaled ratio: (1.0, 1.0)
11:31:34.474 [JavaFX Application Thread] DEBUG PrimaryStageWindow   - Set initial scene to FXGLStartupScene
11:31:34.477 [JavaFX Application Thread] DEBUG PrimaryStageWindow   - Opening main window
11:31:34.531 [JavaFX Application Thread] DEBUG PrimaryStageWindow   - Window border size: (14.4000244140625, 37.5999755859375)
11:31:34.531 [JavaFX Application Thread] DEBUG PrimaryStageWindow   - Scaled size: 1500.0 x 720.0
11:31:34.531 [JavaFX Application Thread] DEBUG PrimaryStageWindow   - Scaled ratio: (1.0, 1.0)
11:31:34.531 [JavaFX Application Thread] DEBUG PrimaryStageWindow   - Scene size: 1500.0 x 720.0
11:31:34.531 [JavaFX Application Thread] DEBUG PrimaryStageWindow   - Stage size: 1514.4000244140625 x 757.5999755859375
11:31:34.537 [FXGL Background Thread 1 ] DEBUG Engine               - Initializing environment variables
11:31:34.574 [FXGL Background Thread 1 ] DEBUG FXGLAssetLoaderServi - User app class for loading assets: class game.PlatformerApp
11:31:34.574 [FXGL Background Thread 1 ] DEBUG GameApplicationServi - Applying CSS: fxgl_dark.css
11:31:34.575 [FXGL Background Thread 1 ] DEBUG FXGLAssetLoaderServi - Loading from file system: jar:file:///C:/Users/jasbh/.m2/repository/com/github/almasb/fxgl/17/fxgl-17.jar!/fxglassets/ui/css/fxgl_dark.css
11:31:34.610 [FXGL Background Thread 1 ] DEBUG GameApplicationServi - Initializing application scenes
11:31:34.659 [FXGL Background Thread 1 ] DEBUG GameWorld            - Game world initialized
11:31:34.743 [FXGL Background Thread 1 ] DEBUG PhysicsWorld         - Physics world initialized: appHeight=720, physics.ppm=50.0
11:31:34.744 [FXGL Background Thread 1 ] DEBUG PhysicsWorld         - Using strategy: BRUTE_FORCE
11:31:34.748 [FXGL Background Thread 1 ] DEBUG GameScene            - Game scene initialized: 1500x720
11:31:34.796 [FXGL Background Thread 1 ] DEBUG FXGL.DefaultMenu     - createMenuBodyGameMenu()
11:31:34.803 [FXGL Background Thread 1 ] DEBUG FXGL.DefaultMenu     - createOptionsMenu()
11:31:34.809 [FXGL Background Thread 1 ] DEBUG FXGLAssetLoaderServi - Loading from file system: jar:file:///C:/Users/jasbh/.m2/repository/com/github/almasb/fxgl/17/fxgl-17.jar!/fxglassets/textures/particles/smoke.png
11:31:34.901 [FXGL Background Thread 1 ] DEBUG FXGLAssetLoaderServi - Loading from file system: jar:file:///C:/Users/jasbh/.m2/repository/com/github/almasb/fxgl/17/fxgl-17.jar!/fxglassets/textures/particles/trace_horizontal.png
11:31:34.923 [FXGL Background Thread 1 ] DEBUG GameApplicationServi - Application scenes initialized
11:31:34.934 [FXGL Background Thread 1 ] DEBUG SystemBundleService  - Loading FXGL system data
11:31:34.937 [FXGL Background Thread 1 ] DEBUG FileSystemAccess     - Reading from: C:\Users\jasbh\Downloads\game 2\system\fxgl.bundle
11:31:34.944 [FXGL Background Thread 1 ] DEBUG SystemBundleService  - Bundle FXGL: {}
11:31:34.944 [FXGL Background Thread 1 ] DEBUG UpdaterService       - Checking for updates
11:31:34.947 [FXGL Background Thread 4 ] DEBUG FXGLApplication      - Loading fonts
11:31:34.947 [FXGL Background Thread 1 ] DEBUG FXGLApplication      - Loading default localization
11:31:34.948 [FXGL Background Thread 4 ] DEBUG FXGLAssetLoaderServi - Loading from file system: jar:file:///C:/Users/jasbh/.m2/repository/com/github/almasb/fxgl/17/fxgl-17.jar!/fxglassets/ui/fonts/VarelaRound-Regular.ttf
11:31:34.948 [FXGL Background Thread 1 ] DEBUG FXGLAssetLoaderServi - Loading from file system: jar:file:///C:/Users/jasbh/.m2/repository/com/github/almasb/fxgl/17/fxgl-17.jar!/fxglassets/languages/english.lang
11:31:34.975 [FXGL Background Thread 1 ] INFO  FXGLApplication      - FXGL initialization took: 0.438 sec
11:31:34.984 [JavaFX Application Thread] DEBUG Input                - Registered new binding: Left - A
11:31:34.984 [JavaFX Application Thread] DEBUG Input                - Registered new binding: Right - D
11:31:34.984 [JavaFX Application Thread] DEBUG Input                - Registered new binding: Jump - Space
11:31:34.985 [JavaFX Application Thread] DEBUG FXGLAssetLoaderServi - Loading from file system: file:/C:/Users/jasbh/Downloads/game%202/target/classes/assets/music/bob2v2.wav
11:31:35.012 [FXGL Background Thread 4 ] DEBUG FXGLAssetLoaderServi - Loading from file system: jar:file:///C:/Users/jasbh/.m2/repository/com/github/almasb/fxgl/17/fxgl-17.jar!/fxglassets/ui/fonts/Abel-Regular.ttf
11:31:35.020 [FXGL Background Thread 4 ] DEBUG FXGLAssetLoaderServi - Loading from file system: jar:file:///C:/Users/jasbh/.m2/repository/com/github/almasb/fxgl/17/fxgl-17.jar!/fxglassets/ui/fonts/TerminalLandMono-Regular.otf
11:31:35.028 [FXGL Background Thread 4 ] DEBUG FXGLAssetLoaderServi - Loading from file system: jar:file:///C:/Users/jasbh/.m2/repository/com/github/almasb/fxgl/17/fxgl-17.jar!/fxglassets/ui/fonts/Courier-Prime.ttf
11:31:35.238 [JavaFX Application Thread] DEBUG AudioPlayer          - Playing music com.almasb.fxgl.audio.Music@5fc2f7cd
11:31:35.238 [JavaFX Application Thread] DEBUG FXGLAssetLoaderServi - Loading from file system: jar:file:///C:/Users/jasbh/.m2/repository/com/github/almasb/fxgl/17/fxgl-17.jar!/fxglassets/textures/fxgl_icon.png
11:31:35.255 [JavaFX Application Thread] DEBUG FXGLAssetLoaderServi - Loading from file system: jar:file:///C:/Users/jasbh/.m2/repository/com/github/almasb/fxgl/17/fxgl-17.jar!/fxglassets/textures/fxgl_default_cursor.png
11:31:35.257 [JavaFX Application Thread] DEBUG Input                - Registered new binding: Screenshot - CTRL+8
11:31:35.257 [JavaFX Application Thread] DEBUG Input                - Registered new binding: System info dump - CTRL+9
11:31:35.258 [JavaFX Application Thread] DEBUG Input                - Registered new binding: Restart - CTRL+R
11:31:35.259 [JavaFX Application Thread] DEBUG Input                - Registered new binding: Toggle Debug Camera - CTRL+7
11:31:35.262 [JavaFX Application Thread] DEBUG LoopRunner           - Starting loop
11:31:35.262 [JavaFX Application Thread] DEBUG LoopRunner           - Initializing JavaFX AnimationTimerLoop
11:31:35.264 [JavaFX Application Thread] DEBUG Input                - Clearing active input actions
11:31:35.270 [JavaFX Application Thread] DEBUG GameApplicationServi - Removing overlay from FXGLStartupScene and adding to FXGLMainMenuDummyScene
11:31:35.271 [JavaFX Application Thread] DEBUG PrimaryStageWindow   - FXGLStartupScene -> FXGLMainMenuDummyScene
11:31:35.271 [JavaFX Application Thread] DEBUG PrimaryStageWindow   - Push state: MyMenu
11:31:35.271 [JavaFX Application Thread] DEBUG Input                - Clearing active input actions
11:31:35.284 [JavaFX Application Thread] DEBUG GameApplicationServi - Removing overlay from FXGLMainMenuDummyScene and adding to MyMenu
11:31:35.284 [JavaFX Application Thread] DEBUG PrimaryStageWindow   - FXGLMainMenuDummyScene -> MyMenu
11:31:35.286 [JavaFX Application Thread] DEBUG FXGLApplication      - Registering font factories with UI factory
11:31:35.349 [FXGL Background Thread 2 ] INFO  UpdaterService       - Your current version:  17
11:31:35.349 [FXGL Background Thread 2 ] INFO  UpdaterService       - Latest stable version: 17.3
11:31:36.293 [JavaFX Application Thread] DEBUG Menu                 - fireNewGame()
11:31:36.293 [JavaFX Application Thread] DEBUG GameApplicationServi - Starting new game
11:31:36.293 [JavaFX Application Thread] DEBUG PrimaryStageWindow   - Pop state: MyMenu
11:31:36.293 [JavaFX Application Thread] DEBUG Input                - Clearing active input actions
11:31:36.294 [JavaFX Application Thread] DEBUG GameApplicationServi - Removing overlay from MyMenu and adding to FXGLMainMenuDummyScene
11:31:36.294 [JavaFX Application Thread] DEBUG PrimaryStageWindow   - FXGLMainMenuDummyScene <- MyMenu
11:31:36.294 [JavaFX Application Thread] DEBUG Input                - Clearing active input actions
11:31:36.299 [JavaFX Application Thread] DEBUG GameApplicationServi - Removing overlay from FXGLMainMenuDummyScene and adding to FXGLLoadingScene
11:31:36.299 [JavaFX Application Thread] DEBUG PrimaryStageWindow   - FXGLMainMenuDummyScene -> FXGLLoadingScene
11:31:36.299 [JavaFX Application Thread] DEBUG GameApplicationServi - Clearing previous game
11:31:36.299 [JavaFX Application Thread] DEBUG GameScene            - Clearing game scene
11:31:36.299 [JavaFX Application Thread] DEBUG GameWorld            - Clearing game world
11:31:36.299 [JavaFX Application Thread] DEBUG PhysicsWorld         - Clearing physics world
11:31:36.300 [FXGL Background Thread 2 ] DEBUG FXGLApplication      - Initializing game
11:31:36.322 [FXGL Background Thread 2 ] DEBUG FXGLAssetLoaderServi - Loading from file system: file:/C:/Users/jasbh/Downloads/game%202/target/classes/assets/textures/Larry1.png
11:31:36.350 [FXGL Background Thread 2 ] WARN  TMXLevelLoader       - TiledMap generated from 1.0.1. Supported version: 1.2.3. Some features may not be parsed fully.
11:31:36.357 [FXGL Background Thread 2 ] DEBUG TMXLevelLoader       - Parsed TiledMap: file:/C:/Users/jasbh/Downloads/game%202/target/classes/assets/levels/tmx/level1.tmx
11:31:36.358 [FXGL Background Thread 2 ] DEBUG TMXLevelLoader       - Creating tile layer entities
11:31:36.359 [FXGL Background Thread 2 ] DEBUG TilesetLoader        - Loading view for layer Tile Layer 1
11:31:36.365 [FXGL Background Thread 2 ] DEBUG TilesetLoader        - Created buffer with size 1050.0x700.0
11:31:36.384 [FXGL Background Thread 2 ] DEBUG TMXLevelLoader       - Creating object layer entities
11:31:36.399 [FXGL Background Thread 2 ] DEBUG GameWorld            - Clearing removable entities
11:31:36.399 [FXGL Background Thread 2 ] DEBUG GameWorld            - Setting level: com.almasb.fxgl.entity.level.Level@2dc6465c
11:31:36.401 [FXGL Background Thread 2 ] DEBUG FXGLAssetLoaderServi - Loading from file system: file:/C:/Users/jasbh/Downloads/game%202/target/classes/assets/textures/background/background.png
11:31:36.416 [FXGL Background Thread 2 ] DEBUG FXGLAssetLoaderServi - Loading from file system: file:/C:/Users/jasbh/Downloads/game%202/target/classes/assets/textures/key.png
11:31:36.419 [FXGL Background Thread 2 ] INFO  FXGLApplication      - Game initialization took: 0.119 sec
11:31:36.420 [JavaFX Application Thread] DEBUG Input                - Clearing active input actions
11:31:36.424 [JavaFX Application Thread] DEBUG GameApplicationServi - Removing overlay from FXGLLoadingScene and adding to GameScene
11:31:36.424 [JavaFX Application Thread] DEBUG PrimaryStageWindow   - FXGLLoadingScene -> GameScene
11:31:37.812 [JavaFX Application Thread] DEBUG FXGLApplication      - Exiting FXGL
11:31:37.812 [JavaFX Application Thread] DEBUG LoopRunner           - Stopping loop
11:31:37.812 [JavaFX Application Thread] DEBUG SystemBundleService  - Saving FXGL system data
11:31:37.814 [JavaFX Application Thread] DEBUG FileSystemAccess     - Writing to: C:\Users\jasbh\Downloads\game 2\system\fxgl.bundle
11:31:37.816 [JavaFX Application Thread] DEBUG Async                - Shutting down background threads
11:31:37.816 [JavaFX Application Thread] DEBUG PrimaryStageWindow   - Closing main window
11:31:37.827 [JavaFX Application Thread] DEBUG Logger               - Closing Logger
