11:30:13.190 [main                     ] DEBUG Logger               - Configured Logger
11:30:13.209 [main                     ] DEBUG GameApplication      - Logging settings
Title: Escape HSLEIDEN
Version: 1
Width: 1500
Height: 720
Fullscreen: false
Intro: false
Profiling: false
Single step:false
App Mode: DEVELOPER
Menu Key: ESCAPE
Stage Style: DECORATED
Scene Factory: class game.MySceneFactory

11:30:13.560 [JavaFX Application Thread] DEBUG FXGLApplication      - Initializing FXGL
11:30:13.562 [JavaFX Application Thread] INFO  Engine               - FXGL-17 (31.12.2021 18.16) on WINDOWS (J:20 FX:17.0.0.1)
11:30:13.564 [JavaFX Application Thread] DEBUG Engine               - JRE Vendor Name: Oracle Corporation
11:30:13.564 [JavaFX Application Thread] DEBUG Engine               - Running on OS: Windows 11 version 10.0
11:30:13.564 [JavaFX Application Thread] DEBUG Engine               - Architecture: amd64
11:30:13.564 [JavaFX Application Thread] INFO  Engine               - Source code and latest versions at: https://github.com/AlmasB/FXGL
11:30:13.564 [JavaFX Application Thread] INFO  Engine               -       Ask questions and discuss at: https://github.com/AlmasB/FXGL/discussions
11:30:13.564 [JavaFX Application Thread] INFO  Engine               -              Join the FXGL chat at: https://gitter.im/AlmasB/FXGL
11:30:13.619 [JavaFX Application Thread] DEBUG PrimaryStageWindow   - Creating a JavaFX scene
11:30:13.647 [JavaFX Application Thread] DEBUG PrimaryStageWindow   - Target settings size: 1500.0 x 720.0
11:30:13.648 [JavaFX Application Thread] DEBUG PrimaryStageWindow   - Scaled scene size:    1500.0 x 720.0
11:30:13.648 [JavaFX Application Thread] DEBUG PrimaryStageWindow   - Scaled ratio: (1.0, 1.0)
11:30:13.648 [JavaFX Application Thread] DEBUG PrimaryStageWindow   - Set initial scene to FXGLStartupScene
11:30:13.654 [JavaFX Application Thread] DEBUG PrimaryStageWindow   - Opening main window
11:30:13.707 [JavaFX Application Thread] DEBUG PrimaryStageWindow   - Window border size: (14.4000244140625, 37.5999755859375)
11:30:13.707 [JavaFX Application Thread] DEBUG PrimaryStageWindow   - Scaled size: 1500.0 x 720.0
11:30:13.707 [JavaFX Application Thread] DEBUG PrimaryStageWindow   - Scaled ratio: (1.0, 1.0)
11:30:13.708 [JavaFX Application Thread] DEBUG PrimaryStageWindow   - Scene size: 1500.0 x 720.0
11:30:13.708 [JavaFX Application Thread] DEBUG PrimaryStageWindow   - Stage size: 1514.4000244140625 x 757.5999755859375
11:30:13.715 [FXGL Background Thread 1 ] DEBUG Engine               - Initializing environment variables
11:30:13.757 [FXGL Background Thread 1 ] DEBUG FXGLAssetLoaderServi - User app class for loading assets: class game.PlatformerApp
11:30:13.757 [FXGL Background Thread 1 ] DEBUG GameApplicationServi - Applying CSS: fxgl_dark.css
11:30:13.758 [FXGL Background Thread 1 ] DEBUG FXGLAssetLoaderServi - Loading from file system: jar:file:///C:/Users/jasbh/.m2/repository/com/github/almasb/fxgl/17/fxgl-17.jar!/fxglassets/ui/css/fxgl_dark.css
11:30:13.789 [FXGL Background Thread 1 ] DEBUG GameApplicationServi - Initializing application scenes
11:30:13.828 [FXGL Background Thread 1 ] DEBUG GameWorld            - Game world initialized
11:30:13.883 [FXGL Background Thread 1 ] DEBUG PhysicsWorld         - Physics world initialized: appHeight=720, physics.ppm=50.0
11:30:13.883 [FXGL Background Thread 1 ] DEBUG PhysicsWorld         - Using strategy: BRUTE_FORCE
11:30:13.886 [FXGL Background Thread 1 ] DEBUG GameScene            - Game scene initialized: 1500x720
11:30:13.924 [FXGL Background Thread 1 ] DEBUG FXGL.DefaultMenu     - createMenuBodyGameMenu()
11:30:13.930 [FXGL Background Thread 1 ] DEBUG FXGL.DefaultMenu     - createOptionsMenu()
11:30:13.939 [FXGL Background Thread 1 ] DEBUG FXGLAssetLoaderServi - Loading from file system: jar:file:///C:/Users/jasbh/.m2/repository/com/github/almasb/fxgl/17/fxgl-17.jar!/fxglassets/textures/particles/smoke.png
11:30:14.021 [FXGL Background Thread 1 ] DEBUG FXGLAssetLoaderServi - Loading from file system: jar:file:///C:/Users/jasbh/.m2/repository/com/github/almasb/fxgl/17/fxgl-17.jar!/fxglassets/textures/particles/trace_horizontal.png
11:30:14.048 [FXGL Background Thread 1 ] DEBUG GameApplicationServi - Application scenes initialized
11:30:14.059 [FXGL Background Thread 1 ] DEBUG SystemBundleService  - Loading FXGL system data
11:30:14.065 [FXGL Background Thread 1 ] DEBUG FileSystemAccess     - Reading from: C:\Users\jasbh\Downloads\game 2\system\fxgl.bundle
11:30:14.076 [FXGL Background Thread 1 ] DEBUG SystemBundleService  - Bundle FXGL: {}
11:30:14.076 [FXGL Background Thread 1 ] DEBUG UpdaterService       - Checking for updates
11:30:14.080 [FXGL Background Thread 4 ] DEBUG FXGLApplication      - Loading fonts
11:30:14.081 [FXGL Background Thread 1 ] DEBUG FXGLApplication      - Loading default localization
11:30:14.082 [FXGL Background Thread 4 ] DEBUG FXGLAssetLoaderServi - Loading from file system: jar:file:///C:/Users/jasbh/.m2/repository/com/github/almasb/fxgl/17/fxgl-17.jar!/fxglassets/ui/fonts/VarelaRound-Regular.ttf
11:30:14.082 [FXGL Background Thread 1 ] DEBUG FXGLAssetLoaderServi - Loading from file system: jar:file:///C:/Users/jasbh/.m2/repository/com/github/almasb/fxgl/17/fxgl-17.jar!/fxglassets/languages/english.lang
11:30:14.106 [FXGL Background Thread 1 ] INFO  FXGLApplication      - FXGL initialization took: 0.390 sec
11:30:14.116 [JavaFX Application Thread] DEBUG Input                - Registered new binding: Left - A
11:30:14.116 [JavaFX Application Thread] DEBUG Input                - Registered new binding: Right - D
11:30:14.116 [JavaFX Application Thread] DEBUG Input                - Registered new binding: Jump - Space
11:30:14.116 [JavaFX Application Thread] DEBUG FXGLAssetLoaderServi - Loading from file system: file:/C:/Users/jasbh/Downloads/game%202/target/classes/assets/music/bob2v2.wav
11:30:14.142 [FXGL Background Thread 4 ] DEBUG FXGLAssetLoaderServi - Loading from file system: jar:file:///C:/Users/jasbh/.m2/repository/com/github/almasb/fxgl/17/fxgl-17.jar!/fxglassets/ui/fonts/Abel-Regular.ttf
11:30:14.149 [FXGL Background Thread 4 ] DEBUG FXGLAssetLoaderServi - Loading from file system: jar:file:///C:/Users/jasbh/.m2/repository/com/github/almasb/fxgl/17/fxgl-17.jar!/fxglassets/ui/fonts/TerminalLandMono-Regular.otf
11:30:14.157 [FXGL Background Thread 4 ] DEBUG FXGLAssetLoaderServi - Loading from file system: jar:file:///C:/Users/jasbh/.m2/repository/com/github/almasb/fxgl/17/fxgl-17.jar!/fxglassets/ui/fonts/Courier-Prime.ttf
11:30:14.328 [JavaFX Application Thread] DEBUG AudioPlayer          - Playing music com.almasb.fxgl.audio.Music@15f5504f
11:30:14.329 [JavaFX Application Thread] DEBUG FXGLAssetLoaderServi - Loading from file system: jar:file:///C:/Users/jasbh/.m2/repository/com/github/almasb/fxgl/17/fxgl-17.jar!/fxglassets/textures/fxgl_icon.png
11:30:14.349 [JavaFX Application Thread] DEBUG FXGLAssetLoaderServi - Loading from file system: jar:file:///C:/Users/jasbh/.m2/repository/com/github/almasb/fxgl/17/fxgl-17.jar!/fxglassets/textures/fxgl_default_cursor.png
11:30:14.352 [JavaFX Application Thread] DEBUG Input                - Registered new binding: Screenshot - CTRL+8
11:30:14.352 [JavaFX Application Thread] DEBUG Input                - Registered new binding: System info dump - CTRL+9
11:30:14.352 [JavaFX Application Thread] DEBUG Input                - Registered new binding: Restart - CTRL+R
11:30:14.353 [JavaFX Application Thread] DEBUG Input                - Registered new binding: Toggle Debug Camera - CTRL+7
11:30:14.356 [JavaFX Application Thread] DEBUG LoopRunner           - Starting loop
11:30:14.357 [JavaFX Application Thread] DEBUG LoopRunner           - Initializing JavaFX AnimationTimerLoop
11:30:14.359 [JavaFX Application Thread] DEBUG Input                - Clearing active input actions
11:30:14.372 [JavaFX Application Thread] DEBUG GameApplicationServi - Removing overlay from FXGLStartupScene and adding to FXGLMainMenuDummyScene
11:30:14.373 [JavaFX Application Thread] DEBUG PrimaryStageWindow   - FXGLStartupScene -> FXGLMainMenuDummyScene
11:30:14.374 [JavaFX Application Thread] DEBUG PrimaryStageWindow   - Push state: MyMenu
11:30:14.374 [JavaFX Application Thread] DEBUG Input                - Clearing active input actions
11:30:14.379 [JavaFX Application Thread] DEBUG GameApplicationServi - Removing overlay from FXGLMainMenuDummyScene and adding to MyMenu
11:30:14.380 [JavaFX Application Thread] DEBUG PrimaryStageWindow   - FXGLMainMenuDummyScene -> MyMenu
11:30:14.380 [JavaFX Application Thread] DEBUG FXGLApplication      - Registering font factories with UI factory
11:30:14.481 [FXGL Background Thread 2 ] INFO  UpdaterService       - Your current version:  17
11:30:14.482 [FXGL Background Thread 2 ] INFO  UpdaterService       - Latest stable version: 17.3
11:30:15.414 [JavaFX Application Thread] DEBUG Menu                 - fireNewGame()
11:30:15.414 [JavaFX Application Thread] DEBUG GameApplicationServi - Starting new game
11:30:15.414 [JavaFX Application Thread] DEBUG PrimaryStageWindow   - Pop state: MyMenu
11:30:15.414 [JavaFX Application Thread] DEBUG Input                - Clearing active input actions
11:30:15.414 [JavaFX Application Thread] DEBUG GameApplicationServi - Removing overlay from MyMenu and adding to FXGLMainMenuDummyScene
11:30:15.415 [JavaFX Application Thread] DEBUG PrimaryStageWindow   - FXGLMainMenuDummyScene <- MyMenu
11:30:15.415 [JavaFX Application Thread] DEBUG Input                - Clearing active input actions
11:30:15.418 [JavaFX Application Thread] DEBUG GameApplicationServi - Removing overlay from FXGLMainMenuDummyScene and adding to FXGLLoadingScene
11:30:15.419 [JavaFX Application Thread] DEBUG PrimaryStageWindow   - FXGLMainMenuDummyScene -> FXGLLoadingScene
11:30:15.419 [JavaFX Application Thread] DEBUG GameApplicationServi - Clearing previous game
11:30:15.419 [JavaFX Application Thread] DEBUG GameScene            - Clearing game scene
11:30:15.419 [JavaFX Application Thread] DEBUG GameWorld            - Clearing game world
11:30:15.419 [JavaFX Application Thread] DEBUG PhysicsWorld         - Clearing physics world
11:30:15.420 [FXGL Background Thread 2 ] DEBUG FXGLApplication      - Initializing game
11:30:15.434 [FXGL Background Thread 2 ] DEBUG FXGLAssetLoaderServi - Loading from file system: file:/C:/Users/jasbh/Downloads/game%202/target/classes/assets/textures/Larry1.png
11:30:15.464 [FXGL Background Thread 2 ] WARN  TMXLevelLoader       - TiledMap generated from 1.0.1. Supported version: 1.2.3. Some features may not be parsed fully.
11:30:15.469 [FXGL Background Thread 2 ] DEBUG TMXLevelLoader       - Parsed TiledMap: file:/C:/Users/jasbh/Downloads/game%202/target/classes/assets/levels/tmx/level1.tmx
11:30:15.469 [FXGL Background Thread 2 ] DEBUG TMXLevelLoader       - Creating tile layer entities
11:30:15.471 [FXGL Background Thread 2 ] DEBUG TilesetLoader        - Loading view for layer Tile Layer 1
11:30:15.471 [FXGL Background Thread 2 ] DEBUG TilesetLoader        - Created buffer with size 1050.0x700.0
11:30:15.485 [FXGL Background Thread 2 ] DEBUG TMXLevelLoader       - Creating object layer entities
11:30:15.491 [FXGL Background Thread 2 ] DEBUG GameWorld            - Clearing removable entities
11:30:15.491 [FXGL Background Thread 2 ] DEBUG GameWorld            - Setting level: com.almasb.fxgl.entity.level.Level@25fd51eb
11:30:15.493 [FXGL Background Thread 2 ] DEBUG FXGLAssetLoaderServi - Loading from file system: file:/C:/Users/jasbh/Downloads/game%202/target/classes/assets/textures/background/background.png
11:30:15.509 [FXGL Background Thread 2 ] DEBUG FXGLAssetLoaderServi - Loading from file system: file:/C:/Users/jasbh/Downloads/game%202/target/classes/assets/textures/key.png
11:30:15.511 [FXGL Background Thread 2 ] INFO  FXGLApplication      - Game initialization took: 0.091 sec
11:30:15.512 [JavaFX Application Thread] DEBUG Input                - Clearing active input actions
11:30:15.516 [JavaFX Application Thread] DEBUG GameApplicationServi - Removing overlay from FXGLLoadingScene and adding to GameScene
11:30:15.516 [JavaFX Application Thread] DEBUG PrimaryStageWindow   - FXGLLoadingScene -> GameScene
11:30:17.080 [FXGL Background Thread 3 ] DEBUG Engine               - Logging environment variables
11:30:17.080 [FXGL Background Thread 3 ] DEBUG Engine               - achievements: []
11:30:17.080 [FXGL Background Thread 3 ] DEBUG Engine               - actualHeight: 720.0
11:30:17.080 [FXGL Background Thread 3 ] DEBUG Engine               - actualHeightProperty: ReadOnlyDoubleProperty [value: 720.0]
11:30:17.080 [FXGL Background Thread 3 ] DEBUG Engine               - actualWidth: 1500.0
11:30:17.080 [FXGL Background Thread 3 ] DEBUG Engine               - actualWidthProperty: ReadOnlyDoubleProperty [value: 1500.0]
11:30:17.080 [FXGL Background Thread 3 ] DEBUG Engine               - appIcon: fxgl_icon.png
11:30:17.080 [FXGL Background Thread 3 ] DEBUG Engine               - applicationMode: DEVELOPER
11:30:17.080 [FXGL Background Thread 3 ] DEBUG Engine               - cSSList: [fxgl_dark.css]
11:30:17.080 [FXGL Background Thread 3 ] DEBUG Engine               - collisionDetectionStrategy: BRUTE_FORCE
11:30:17.080 [FXGL Background Thread 3 ] DEBUG Engine               - configClass: Optional.empty
11:30:17.081 [FXGL Background Thread 3 ] DEBUG Engine               - credits: []
11:30:17.081 [FXGL Background Thread 3 ] DEBUG Engine               - defaultCursor: CursorInfo(imageName=fxgl_default_cursor.png, hotspotX=7.0, hotspotY=6.0)
11:30:17.081 [FXGL Background Thread 3 ] DEBUG Engine               - devBBoxColorProperty: ObjectProperty [value: 0xff0000ff]
11:30:17.081 [FXGL Background Thread 3 ] DEBUG Engine               - devEnableDebugCameraProperty: BooleanProperty [value: false]
11:30:17.081 [FXGL Background Thread 3 ] DEBUG Engine               - devSensorColorProperty: ObjectProperty [value: 0xffff00ff]
11:30:17.082 [FXGL Background Thread 3 ] DEBUG Engine               - devShowBBoxProperty: BooleanProperty [value: false]
11:30:17.082 [FXGL Background Thread 3 ] DEBUG Engine               - devShowPositionProperty: BooleanProperty [value: false]
11:30:17.082 [FXGL Background Thread 3 ] DEBUG Engine               - enabledMenuItems: []
11:30:17.082 [FXGL Background Thread 3 ] DEBUG Engine               - engineServices: [class com.almasb.fxgl.app.services.FXGLAssetLoaderService, class com.almasb.fxgl.app.FXGLApplication$GameApplicationService, class com.almasb.fxgl.app.services.FXGLDialogService, class com.almasb.fxgl.app.services.IOTaskExecutorService, class com.almasb.fxgl.io.FileSystemService, class com.almasb.fxgl.localization.LocalizationService, class com.almasb.fxgl.app.services.SystemBundleService, class com.almasb.fxgl.profile.SaveLoadService, class com.almasb.fxgl.ui.FXGLUIFactoryServiceProvider, class com.almasb.fxgl.ui.FXGLDialogFactoryServiceProvider, class com.almasb.fxgl.audio.AudioPlayer, class com.almasb.fxgl.notification.impl.NotificationServiceProvider, class com.almasb.fxgl.achievement.AchievementService, class com.almasb.fxgl.cutscene.CutsceneService, class com.almasb.fxgl.minigames.MiniGameService, class com.almasb.fxgl.net.NetService, class com.almasb.fxgl.app.services.UpdaterService, class com.almasb.fxgl.dev.DevService]
11:30:17.082 [FXGL Background Thread 3 ] DEBUG Engine               - fontGame: Abel-Regular.ttf
11:30:17.082 [FXGL Background Thread 3 ] DEBUG Engine               - fontMono: TerminalLandMono-Regular.otf
11:30:17.082 [FXGL Background Thread 3 ] DEBUG Engine               - fontText: Courier-Prime.ttf
11:30:17.082 [FXGL Background Thread 3 ] DEBUG Engine               - fontUI: VarelaRound-Regular.ttf
11:30:17.082 [FXGL Background Thread 3 ] DEBUG Engine               - fullScreen: BooleanProperty [value: false]
11:30:17.082 [FXGL Background Thread 3 ] DEBUG Engine               - gameDifficulty: MEDIUM
11:30:17.082 [FXGL Background Thread 3 ] DEBUG Engine               - gameDifficultyProperty: ObjectProperty [value: MEDIUM]
11:30:17.082 [FXGL Background Thread 3 ] DEBUG Engine               - globalMusicVolume: 0.5
11:30:17.082 [FXGL Background Thread 3 ] DEBUG Engine               - globalMusicVolumeProperty: DoubleProperty [value: 0.25]
11:30:17.082 [FXGL Background Thread 3 ] DEBUG Engine               - globalSoundVolume: 0.5
11:30:17.082 [FXGL Background Thread 3 ] DEBUG Engine               - globalSoundVolumeProperty: DoubleProperty [value: 0.3]
11:30:17.082 [FXGL Background Thread 3 ] DEBUG Engine               - height: 720
11:30:17.082 [FXGL Background Thread 3 ] DEBUG Engine               - is3D: false
11:30:17.082 [FXGL Background Thread 3 ] DEBUG Engine               - isAndroid: false
11:30:17.082 [FXGL Background Thread 3 ] DEBUG Engine               - isBrowser: false
11:30:17.082 [FXGL Background Thread 3 ] DEBUG Engine               - isClickFeedbackEnabled: false
11:30:17.082 [FXGL Background Thread 3 ] DEBUG Engine               - isCloseConfirmation: false
11:30:17.082 [FXGL Background Thread 3 ] DEBUG Engine               - isDesktop: true
11:30:17.082 [FXGL Background Thread 3 ] DEBUG Engine               - isDeveloperMenuEnabled: false
11:30:17.082 [FXGL Background Thread 3 ] DEBUG Engine               - isEmbedded: false
11:30:17.082 [FXGL Background Thread 3 ] DEBUG Engine               - isEntityPreloadEnabled: true
11:30:17.082 [FXGL Background Thread 3 ] DEBUG Engine               - isExperimentalTiledLargeMap: false
11:30:17.082 [FXGL Background Thread 3 ] DEBUG Engine               - isFileSystemWriteAllowed: true
11:30:17.082 [FXGL Background Thread 3 ] DEBUG Engine               - isFullScreenAllowed: false
11:30:17.082 [FXGL Background Thread 3 ] DEBUG Engine               - isFullScreenFromStart: false
11:30:17.082 [FXGL Background Thread 3 ] DEBUG Engine               - isGameMenuEnabled: true
11:30:17.082 [FXGL Background Thread 3 ] DEBUG Engine               - isIOS: false
11:30:17.082 [FXGL Background Thread 3 ] DEBUG Engine               - isIntroEnabled: false
11:30:17.082 [FXGL Background Thread 3 ] DEBUG Engine               - isLinux: false
11:30:17.082 [FXGL Background Thread 3 ] DEBUG Engine               - isMac: false
11:30:17.082 [FXGL Background Thread 3 ] DEBUG Engine               - isMainMenuEnabled: true
11:30:17.082 [FXGL Background Thread 3 ] DEBUG Engine               - isManualResizeEnabled: false
11:30:17.082 [FXGL Background Thread 3 ] DEBUG Engine               - isMobile: false
11:30:17.082 [FXGL Background Thread 3 ] DEBUG Engine               - isNative: false
11:30:17.082 [FXGL Background Thread 3 ] DEBUG Engine               - isPauseMusicWhenMinimized: true
11:30:17.082 [FXGL Background Thread 3 ] DEBUG Engine               - isPreserveResizeRatio: false
11:30:17.082 [FXGL Background Thread 3 ] DEBUG Engine               - isProfilingEnabled: false
11:30:17.082 [FXGL Background Thread 3 ] DEBUG Engine               - isScaleAffectedOnResize: true
11:30:17.082 [FXGL Background Thread 3 ] DEBUG Engine               - isSingleStep: false
11:30:17.082 [FXGL Background Thread 3 ] DEBUG Engine               - isUserProfileEnabled: false
11:30:17.082 [FXGL Background Thread 3 ] DEBUG Engine               - isWindows: true
11:30:17.082 [FXGL Background Thread 3 ] DEBUG Engine               - language: ObjectProperty [value: ENGLISH]
11:30:17.082 [FXGL Background Thread 3 ] DEBUG Engine               - menuKey: ESCAPE
11:30:17.082 [FXGL Background Thread 3 ] DEBUG Engine               - mouseSensitivity: 0.2
11:30:17.082 [FXGL Background Thread 3 ] DEBUG Engine               - notificationViewClass: class com.almasb.fxgl.notification.view.XboxNotificationView
11:30:17.082 [FXGL Background Thread 3 ] DEBUG Engine               - pixelsPerMeter: 50.0
11:30:17.082 [FXGL Background Thread 3 ] DEBUG Engine               - platform: WINDOWS
11:30:17.082 [FXGL Background Thread 3 ] DEBUG Engine               - prefHeightProperty: ReadOnlyDoubleProperty [value: 720.0]
11:30:17.082 [FXGL Background Thread 3 ] DEBUG Engine               - prefWidthProperty: ReadOnlyDoubleProperty [value: 1500.0]
11:30:17.082 [FXGL Background Thread 3 ] DEBUG Engine               - profileDir: profiles/
11:30:17.082 [FXGL Background Thread 3 ] DEBUG Engine               - profileName: StringProperty [value: DEFAULT]
11:30:17.082 [FXGL Background Thread 3 ] DEBUG Engine               - randomSeed: -1
11:30:17.082 [FXGL Background Thread 3 ] DEBUG Engine               - runtimeInfo: RuntimeInfo(platform=WINDOWS, version=17, build=31.12.2021 18.16)
11:30:17.082 [FXGL Background Thread 3 ] DEBUG Engine               - saveFileExt: sav
11:30:17.083 [FXGL Background Thread 3 ] DEBUG Engine               - scaledHeightProp$fxgl: DoubleProperty [bound, value: 720.0]
11:30:17.083 [FXGL Background Thread 3 ] DEBUG Engine               - scaledWidthProp$fxgl: DoubleProperty [bound, value: 1500.0]
11:30:17.083 [FXGL Background Thread 3 ] DEBUG Engine               - sceneFactory: game.MySceneFactory@3b7abd7
11:30:17.083 [FXGL Background Thread 3 ] DEBUG Engine               - secondsIn24h: 60
11:30:17.083 [FXGL Background Thread 3 ] DEBUG Engine               - soundMenuBack: menu/back.wav
11:30:17.083 [FXGL Background Thread 3 ] DEBUG Engine               - soundMenuPress: menu/press.wav
11:30:17.083 [FXGL Background Thread 3 ] DEBUG Engine               - soundMenuSelect: menu/select.wav
11:30:17.083 [FXGL Background Thread 3 ] DEBUG Engine               - soundNotification: core/notification.wav
11:30:17.083 [FXGL Background Thread 3 ] DEBUG Engine               - stageStyle: DECORATED
11:30:17.083 [FXGL Background Thread 3 ] DEBUG Engine               - supportedLanguages: [ENGLISH, FRENCH, GERMAN, HUNGARIAN, RUSSIAN]
11:30:17.083 [FXGL Background Thread 3 ] DEBUG Engine               - ticksPerSecond: -1
11:30:17.083 [FXGL Background Thread 3 ] DEBUG Engine               - title: Escape HSLEIDEN
11:30:17.083 [FXGL Background Thread 3 ] DEBUG Engine               - urlGithub: https://github.com/AlmasB/FXGL
11:30:17.083 [FXGL Background Thread 3 ] DEBUG Engine               - urlLeaderboard: http://fxgl-top.herokuapp.com/
11:30:17.083 [FXGL Background Thread 3 ] DEBUG Engine               - urlPOM: https://raw.githubusercontent.com/AlmasB/FXGL/release/README.md
11:30:17.083 [FXGL Background Thread 3 ] DEBUG Engine               - userAppClass: class game.PlatformerApp
11:30:17.083 [FXGL Background Thread 3 ] DEBUG Engine               - version: 1
11:30:17.083 [FXGL Background Thread 3 ] DEBUG Engine               - versionCheckDays: 7
11:30:17.083 [FXGL Background Thread 3 ] DEBUG Engine               - width: 1500
11:30:17.083 [FXGL Background Thread 3 ] DEBUG Engine               - Logging services
11:30:17.083 [FXGL Background Thread 3 ] DEBUG Engine               - class com.almasb.fxgl.app.services.FXGLAssetLoaderService
11:30:17.083 [FXGL Background Thread 3 ] DEBUG Engine               - class com.almasb.fxgl.app.FXGLApplication$GameApplicationService
11:30:17.083 [FXGL Background Thread 3 ] DEBUG Engine               - class com.almasb.fxgl.app.services.FXGLDialogService
11:30:17.083 [FXGL Background Thread 3 ] DEBUG Engine               - class com.almasb.fxgl.app.services.IOTaskExecutorService
11:30:17.083 [FXGL Background Thread 3 ] DEBUG Engine               - class com.almasb.fxgl.io.FileSystemService
11:30:17.083 [FXGL Background Thread 3 ] DEBUG Engine               - class com.almasb.fxgl.localization.LocalizationService
11:30:17.083 [FXGL Background Thread 3 ] DEBUG Engine               - class com.almasb.fxgl.app.services.SystemBundleService
11:30:17.083 [FXGL Background Thread 3 ] DEBUG Engine               - class com.almasb.fxgl.profile.SaveLoadService
11:30:17.083 [FXGL Background Thread 3 ] DEBUG Engine               - class com.almasb.fxgl.ui.FXGLUIFactoryServiceProvider
11:30:17.083 [FXGL Background Thread 3 ] DEBUG Engine               - class com.almasb.fxgl.ui.FXGLDialogFactoryServiceProvider
11:30:17.083 [FXGL Background Thread 3 ] DEBUG Engine               - class com.almasb.fxgl.audio.AudioPlayer
11:30:17.083 [FXGL Background Thread 3 ] DEBUG Engine               - class com.almasb.fxgl.notification.impl.NotificationServiceProvider
11:30:17.083 [FXGL Background Thread 3 ] DEBUG Engine               - class com.almasb.fxgl.achievement.AchievementService
11:30:17.083 [FXGL Background Thread 3 ] DEBUG Engine               - class com.almasb.fxgl.cutscene.CutsceneService
11:30:17.083 [FXGL Background Thread 3 ] DEBUG Engine               - class com.almasb.fxgl.minigames.MiniGameService
11:30:17.083 [FXGL Background Thread 3 ] DEBUG Engine               - class com.almasb.fxgl.net.NetService
11:30:17.083 [FXGL Background Thread 3 ] DEBUG Engine               - class com.almasb.fxgl.app.services.UpdaterService
11:30:17.083 [FXGL Background Thread 3 ] DEBUG Engine               - class com.almasb.fxgl.dev.DevService
11:30:17.269 [JavaFX Application Thread] DEBUG FXGLApplication      - Exiting FXGL
11:30:17.269 [JavaFX Application Thread] DEBUG LoopRunner           - Stopping loop
11:30:17.269 [JavaFX Application Thread] DEBUG SystemBundleService  - Saving FXGL system data
11:30:17.270 [JavaFX Application Thread] DEBUG FileSystemAccess     - Writing to: C:\Users\jasbh\Downloads\game 2\system\fxgl.bundle
11:30:17.272 [JavaFX Application Thread] DEBUG Async                - Shutting down background threads
11:30:17.272 [JavaFX Application Thread] DEBUG PrimaryStageWindow   - Closing main window
11:30:17.282 [JavaFX Application Thread] DEBUG Logger               - Closing Logger
