10:53:22.221 [main                     ] DEBUG Logger               - Configured Logger
10:53:22.248 [main                     ] DEBUG GameApplication      - Logging settings
Title: Escape HSLEIDEN
Version: 1
Width: 1500
Height: 720
Fullscreen: false
Intro: false
Profiling: false
Single step:false
App Mode: DEVELOPER
Menu Key: ESCAPE
Stage Style: DECORATED
Scene Factory: class game.MySceneFactory

10:53:22.640 [JavaFX Application Thread] DEBUG FXGLApplication      - Initializing FXGL
10:53:22.643 [JavaFX Application Thread] INFO  Engine               - FXGL-17 (31.12.2021 18.16) on WINDOWS (J:20 FX:17.0.0.1)
10:53:22.644 [JavaFX Application Thread] DEBUG Engine               - JRE Vendor Name: Oracle Corporation
10:53:22.644 [JavaFX Application Thread] DEBUG Engine               - Running on OS: Windows 11 version 10.0
10:53:22.644 [JavaFX Application Thread] DEBUG Engine               - Architecture: amd64
10:53:22.644 [JavaFX Application Thread] INFO  Engine               - Source code and latest versions at: https://github.com/AlmasB/FXGL
10:53:22.644 [JavaFX Application Thread] INFO  Engine               -       Ask questions and discuss at: https://github.com/AlmasB/FXGL/discussions
10:53:22.644 [JavaFX Application Thread] INFO  Engine               -              Join the FXGL chat at: https://gitter.im/AlmasB/FXGL
10:53:22.705 [JavaFX Application Thread] DEBUG PrimaryStageWindow   - Creating a JavaFX scene
10:53:22.749 [JavaFX Application Thread] DEBUG PrimaryStageWindow   - Target settings size: 1500.0 x 720.0
10:53:22.749 [JavaFX Application Thread] DEBUG PrimaryStageWindow   - Scaled scene size:    1500.0 x 720.0
10:53:22.750 [JavaFX Application Thread] DEBUG PrimaryStageWindow   - Scaled ratio: (1.0, 1.0)
10:53:22.750 [JavaFX Application Thread] DEBUG PrimaryStageWindow   - Set initial scene to FXGLStartupScene
10:53:22.754 [JavaFX Application Thread] DEBUG PrimaryStageWindow   - Opening main window
10:53:22.826 [JavaFX Application Thread] DEBUG PrimaryStageWindow   - Window border size: (14.4000244140625, 37.5999755859375)
10:53:22.826 [JavaFX Application Thread] DEBUG PrimaryStageWindow   - Scaled size: 1500.0 x 720.0
10:53:22.827 [JavaFX Application Thread] DEBUG PrimaryStageWindow   - Scaled ratio: (1.0, 1.0)
10:53:22.827 [JavaFX Application Thread] DEBUG PrimaryStageWindow   - Scene size: 1500.0 x 720.0
10:53:22.827 [JavaFX Application Thread] DEBUG PrimaryStageWindow   - Stage size: 1514.4000244140625 x 757.5999755859375
10:53:22.834 [FXGL Background Thread 1 ] DEBUG Engine               - Initializing environment variables
10:53:22.872 [FXGL Background Thread 1 ] DEBUG FXGLAssetLoaderServi - User app class for loading assets: class game.PlatformerApp
10:53:22.872 [FXGL Background Thread 1 ] DEBUG GameApplicationServi - Applying CSS: fxgl_dark.css
10:53:22.873 [FXGL Background Thread 1 ] DEBUG FXGLAssetLoaderServi - Loading from file system: jar:file:///C:/Users/jasbh/.m2/repository/com/github/almasb/fxgl/17/fxgl-17.jar!/fxglassets/ui/css/fxgl_dark.css
10:53:22.909 [FXGL Background Thread 1 ] DEBUG GameApplicationServi - Initializing application scenes
10:53:22.943 [FXGL Background Thread 1 ] DEBUG GameWorld            - Game world initialized
10:53:22.983 [FXGL Background Thread 1 ] DEBUG PhysicsWorld         - Physics world initialized: appHeight=720, physics.ppm=50.0
10:53:22.983 [FXGL Background Thread 1 ] DEBUG PhysicsWorld         - Using strategy: BRUTE_FORCE
10:53:22.986 [FXGL Background Thread 1 ] DEBUG GameScene            - Game scene initialized: 1500x720
10:53:23.035 [FXGL Background Thread 1 ] DEBUG FXGL.DefaultMenu     - createMenuBodyGameMenu()
10:53:23.042 [FXGL Background Thread 1 ] DEBUG FXGL.DefaultMenu     - createOptionsMenu()
10:53:23.049 [FXGL Background Thread 1 ] DEBUG FXGLAssetLoaderServi - Loading from file system: jar:file:///C:/Users/jasbh/.m2/repository/com/github/almasb/fxgl/17/fxgl-17.jar!/fxglassets/textures/particles/smoke.png
10:53:23.113 [FXGL Background Thread 1 ] DEBUG FXGLAssetLoaderServi - Loading from file system: jar:file:///C:/Users/jasbh/.m2/repository/com/github/almasb/fxgl/17/fxgl-17.jar!/fxglassets/textures/particles/trace_horizontal.png
10:53:23.134 [FXGL Background Thread 1 ] DEBUG GameApplicationServi - Application scenes initialized
10:53:23.145 [FXGL Background Thread 1 ] DEBUG SystemBundleService  - Loading FXGL system data
10:53:23.148 [FXGL Background Thread 1 ] DEBUG FileSystemAccess     - Reading from: C:\Users\jasbh\Downloads\game 2\system\fxgl.bundle
10:53:23.154 [FXGL Background Thread 1 ] DEBUG SystemBundleService  - Bundle FXGL: {}
10:53:23.154 [FXGL Background Thread 1 ] DEBUG UpdaterService       - Checking for updates
10:53:23.156 [FXGL Background Thread 4 ] DEBUG FXGLApplication      - Loading fonts
10:53:23.157 [FXGL Background Thread 1 ] DEBUG FXGLApplication      - Loading default localization
10:53:23.157 [FXGL Background Thread 4 ] DEBUG FXGLAssetLoaderServi - Loading from file system: jar:file:///C:/Users/jasbh/.m2/repository/com/github/almasb/fxgl/17/fxgl-17.jar!/fxglassets/ui/fonts/VarelaRound-Regular.ttf
10:53:23.157 [FXGL Background Thread 1 ] DEBUG FXGLAssetLoaderServi - Loading from file system: jar:file:///C:/Users/jasbh/.m2/repository/com/github/almasb/fxgl/17/fxgl-17.jar!/fxglassets/languages/english.lang
10:53:23.191 [FXGL Background Thread 1 ] INFO  FXGLApplication      - FXGL initialization took: 0.356 sec
10:53:23.203 [JavaFX Application Thread] DEBUG Input                - Registered new binding: Left - A
10:53:23.203 [JavaFX Application Thread] DEBUG Input                - Registered new binding: Right - D
10:53:23.203 [JavaFX Application Thread] DEBUG Input                - Registered new binding: Jump - Space
10:53:23.204 [JavaFX Application Thread] DEBUG FXGLAssetLoaderServi - Loading from file system: file:/C:/Users/jasbh/Downloads/game%202/target/classes/assets/music/bob2v2.wav
10:53:23.227 [FXGL Background Thread 4 ] DEBUG FXGLAssetLoaderServi - Loading from file system: jar:file:///C:/Users/jasbh/.m2/repository/com/github/almasb/fxgl/17/fxgl-17.jar!/fxglassets/ui/fonts/Abel-Regular.ttf
10:53:23.237 [FXGL Background Thread 4 ] DEBUG FXGLAssetLoaderServi - Loading from file system: jar:file:///C:/Users/jasbh/.m2/repository/com/github/almasb/fxgl/17/fxgl-17.jar!/fxglassets/ui/fonts/TerminalLandMono-Regular.otf
10:53:23.247 [FXGL Background Thread 4 ] DEBUG FXGLAssetLoaderServi - Loading from file system: jar:file:///C:/Users/jasbh/.m2/repository/com/github/almasb/fxgl/17/fxgl-17.jar!/fxglassets/ui/fonts/Courier-Prime.ttf
10:53:23.596 [FXGL Background Thread 2 ] INFO  UpdaterService       - Your current version:  17
10:53:23.596 [FXGL Background Thread 2 ] INFO  UpdaterService       - Latest stable version: 17.3
10:53:23.865 [JavaFX Application Thread] DEBUG AudioPlayer          - Playing music com.almasb.fxgl.audio.Music@38194822
10:53:23.866 [JavaFX Application Thread] DEBUG FXGLAssetLoaderServi - Loading from file system: jar:file:///C:/Users/jasbh/.m2/repository/com/github/almasb/fxgl/17/fxgl-17.jar!/fxglassets/textures/fxgl_icon.png
10:53:23.878 [JavaFX Application Thread] DEBUG FXGLAssetLoaderServi - Loading from file system: jar:file:///C:/Users/jasbh/.m2/repository/com/github/almasb/fxgl/17/fxgl-17.jar!/fxglassets/textures/fxgl_default_cursor.png
10:53:23.879 [JavaFX Application Thread] DEBUG Input                - Registered new binding: Screenshot - CTRL+8
10:53:23.880 [JavaFX Application Thread] DEBUG Input                - Registered new binding: System info dump - CTRL+9
10:53:23.880 [JavaFX Application Thread] DEBUG Input                - Registered new binding: Restart - CTRL+R
10:53:23.880 [JavaFX Application Thread] DEBUG Input                - Registered new binding: Toggle Debug Camera - CTRL+7
10:53:23.881 [JavaFX Application Thread] DEBUG LoopRunner           - Starting loop
10:53:23.881 [JavaFX Application Thread] DEBUG LoopRunner           - Initializing JavaFX AnimationTimerLoop
10:53:23.884 [JavaFX Application Thread] DEBUG Input                - Clearing active input actions
10:53:23.890 [JavaFX Application Thread] DEBUG GameApplicationServi - Removing overlay from FXGLStartupScene and adding to FXGLMainMenuDummyScene
10:53:23.890 [JavaFX Application Thread] DEBUG PrimaryStageWindow   - FXGLStartupScene -> FXGLMainMenuDummyScene
10:53:23.890 [JavaFX Application Thread] DEBUG PrimaryStageWindow   - Push state: MyMenu
10:53:23.891 [JavaFX Application Thread] DEBUG Input                - Clearing active input actions
10:53:23.893 [JavaFX Application Thread] DEBUG GameApplicationServi - Removing overlay from FXGLMainMenuDummyScene and adding to MyMenu
10:53:23.893 [JavaFX Application Thread] DEBUG PrimaryStageWindow   - FXGLMainMenuDummyScene -> MyMenu
10:53:23.894 [JavaFX Application Thread] DEBUG FXGLApplication      - Registering font factories with UI factory
10:53:25.247 [JavaFX Application Thread] DEBUG Menu                 - fireNewGame()
10:53:25.247 [JavaFX Application Thread] DEBUG GameApplicationServi - Starting new game
10:53:25.247 [JavaFX Application Thread] DEBUG PrimaryStageWindow   - Pop state: MyMenu
10:53:25.247 [JavaFX Application Thread] DEBUG Input                - Clearing active input actions
10:53:25.248 [JavaFX Application Thread] DEBUG GameApplicationServi - Removing overlay from MyMenu and adding to FXGLMainMenuDummyScene
10:53:25.248 [JavaFX Application Thread] DEBUG PrimaryStageWindow   - FXGLMainMenuDummyScene <- MyMenu
10:53:25.248 [JavaFX Application Thread] DEBUG Input                - Clearing active input actions
10:53:25.252 [JavaFX Application Thread] DEBUG GameApplicationServi - Removing overlay from FXGLMainMenuDummyScene and adding to FXGLLoadingScene
10:53:25.252 [JavaFX Application Thread] DEBUG PrimaryStageWindow   - FXGLMainMenuDummyScene -> FXGLLoadingScene
10:53:25.252 [JavaFX Application Thread] DEBUG GameApplicationServi - Clearing previous game
10:53:25.252 [JavaFX Application Thread] DEBUG GameScene            - Clearing game scene
10:53:25.252 [JavaFX Application Thread] DEBUG GameWorld            - Clearing game world
10:53:25.252 [JavaFX Application Thread] DEBUG PhysicsWorld         - Clearing physics world
10:53:25.254 [FXGL Background Thread 2 ] DEBUG FXGLApplication      - Initializing game
10:53:25.273 [FXGL Background Thread 2 ] DEBUG FXGLAssetLoaderServi - Loading from file system: file:/C:/Users/jasbh/Downloads/game%202/target/classes/assets/textures/Larry1.png
10:53:25.309 [FXGL Background Thread 2 ] WARN  TMXLevelLoader       - TiledMap generated from 1.0.1. Supported version: 1.2.3. Some features may not be parsed fully.
10:53:25.314 [FXGL Background Thread 2 ] DEBUG TMXLevelLoader       - Parsed TiledMap: file:/C:/Users/jasbh/Downloads/game%202/target/classes/assets/levels/tmx/level1.tmx
10:53:25.315 [FXGL Background Thread 2 ] DEBUG TMXLevelLoader       - Creating tile layer entities
10:53:25.316 [FXGL Background Thread 2 ] DEBUG TilesetLoader        - Loading view for layer Tile Layer 1
10:53:25.317 [FXGL Background Thread 2 ] DEBUG TilesetLoader        - Created buffer with size 1050.0x700.0
10:53:25.329 [FXGL Background Thread 2 ] DEBUG TMXLevelLoader       - Creating object layer entities
10:53:25.337 [FXGL Background Thread 2 ] DEBUG GameWorld            - Clearing removable entities
10:53:25.338 [FXGL Background Thread 2 ] DEBUG GameWorld            - Setting level: com.almasb.fxgl.entity.level.Level@54d687de
10:53:25.340 [FXGL Background Thread 2 ] DEBUG FXGLAssetLoaderServi - Loading from file system: file:/C:/Users/jasbh/Downloads/game%202/target/classes/assets/textures/background/background.png
10:53:25.354 [FXGL Background Thread 2 ] DEBUG FXGLAssetLoaderServi - Loading from file system: file:/C:/Users/jasbh/Downloads/game%202/target/classes/assets/textures/key.png
10:53:25.357 [FXGL Background Thread 2 ] INFO  FXGLApplication      - Game initialization took: 0.102 sec
10:53:25.358 [JavaFX Application Thread] DEBUG Input                - Clearing active input actions
10:53:25.362 [JavaFX Application Thread] DEBUG GameApplicationServi - Removing overlay from FXGLLoadingScene and adding to GameScene
10:53:25.362 [JavaFX Application Thread] DEBUG PrimaryStageWindow   - FXGLLoadingScene -> GameScene
10:53:26.157 [FXGL Background Thread 3 ] DEBUG Engine               - Logging environment variables
10:53:26.157 [FXGL Background Thread 3 ] DEBUG Engine               - achievements: []
10:53:26.157 [FXGL Background Thread 3 ] DEBUG Engine               - actualHeight: 720.0
10:53:26.157 [FXGL Background Thread 3 ] DEBUG Engine               - actualHeightProperty: ReadOnlyDoubleProperty [value: 720.0]
10:53:26.157 [FXGL Background Thread 3 ] DEBUG Engine               - actualWidth: 1500.0
10:53:26.157 [FXGL Background Thread 3 ] DEBUG Engine               - actualWidthProperty: ReadOnlyDoubleProperty [value: 1500.0]
10:53:26.157 [FXGL Background Thread 3 ] DEBUG Engine               - appIcon: fxgl_icon.png
10:53:26.157 [FXGL Background Thread 3 ] DEBUG Engine               - applicationMode: DEVELOPER
10:53:26.157 [FXGL Background Thread 3 ] DEBUG Engine               - cSSList: [fxgl_dark.css]
10:53:26.157 [FXGL Background Thread 3 ] DEBUG Engine               - collisionDetectionStrategy: BRUTE_FORCE
10:53:26.158 [FXGL Background Thread 3 ] DEBUG Engine               - configClass: Optional.empty
10:53:26.158 [FXGL Background Thread 3 ] DEBUG Engine               - credits: []
10:53:26.158 [FXGL Background Thread 3 ] DEBUG Engine               - defaultCursor: CursorInfo(imageName=fxgl_default_cursor.png, hotspotX=7.0, hotspotY=6.0)
10:53:26.158 [FXGL Background Thread 3 ] DEBUG Engine               - devBBoxColorProperty: ObjectProperty [value: 0xff0000ff]
10:53:26.158 [FXGL Background Thread 3 ] DEBUG Engine               - devEnableDebugCameraProperty: BooleanProperty [value: false]
10:53:26.158 [FXGL Background Thread 3 ] DEBUG Engine               - devSensorColorProperty: ObjectProperty [value: 0xffff00ff]
10:53:26.158 [FXGL Background Thread 3 ] DEBUG Engine               - devShowBBoxProperty: BooleanProperty [value: false]
10:53:26.158 [FXGL Background Thread 3 ] DEBUG Engine               - devShowPositionProperty: BooleanProperty [value: false]
10:53:26.158 [FXGL Background Thread 3 ] DEBUG Engine               - enabledMenuItems: []
10:53:26.158 [FXGL Background Thread 3 ] DEBUG Engine               - engineServices: [class com.almasb.fxgl.app.services.FXGLAssetLoaderService, class com.almasb.fxgl.app.FXGLApplication$GameApplicationService, class com.almasb.fxgl.app.services.FXGLDialogService, class com.almasb.fxgl.app.services.IOTaskExecutorService, class com.almasb.fxgl.io.FileSystemService, class com.almasb.fxgl.localization.LocalizationService, class com.almasb.fxgl.app.services.SystemBundleService, class com.almasb.fxgl.profile.SaveLoadService, class com.almasb.fxgl.ui.FXGLUIFactoryServiceProvider, class com.almasb.fxgl.ui.FXGLDialogFactoryServiceProvider, class com.almasb.fxgl.audio.AudioPlayer, class com.almasb.fxgl.notification.impl.NotificationServiceProvider, class com.almasb.fxgl.achievement.AchievementService, class com.almasb.fxgl.cutscene.CutsceneService, class com.almasb.fxgl.minigames.MiniGameService, class com.almasb.fxgl.net.NetService, class com.almasb.fxgl.app.services.UpdaterService, class com.almasb.fxgl.dev.DevService]
10:53:26.158 [FXGL Background Thread 3 ] DEBUG Engine               - fontGame: Abel-Regular.ttf
10:53:26.158 [FXGL Background Thread 3 ] DEBUG Engine               - fontMono: TerminalLandMono-Regular.otf
10:53:26.158 [FXGL Background Thread 3 ] DEBUG Engine               - fontText: Courier-Prime.ttf
10:53:26.158 [FXGL Background Thread 3 ] DEBUG Engine               - fontUI: VarelaRound-Regular.ttf
10:53:26.158 [FXGL Background Thread 3 ] DEBUG Engine               - fullScreen: BooleanProperty [value: false]
10:53:26.158 [FXGL Background Thread 3 ] DEBUG Engine               - gameDifficulty: MEDIUM
10:53:26.158 [FXGL Background Thread 3 ] DEBUG Engine               - gameDifficultyProperty: ObjectProperty [value: MEDIUM]
10:53:26.158 [FXGL Background Thread 3 ] DEBUG Engine               - globalMusicVolume: 0.5
10:53:26.159 [FXGL Background Thread 3 ] DEBUG Engine               - globalMusicVolumeProperty: DoubleProperty [value: 0.25]
10:53:26.159 [FXGL Background Thread 3 ] DEBUG Engine               - globalSoundVolume: 0.5
10:53:26.159 [FXGL Background Thread 3 ] DEBUG Engine               - globalSoundVolumeProperty: DoubleProperty [value: 0.3]
10:53:26.159 [FXGL Background Thread 3 ] DEBUG Engine               - height: 720
10:53:26.159 [FXGL Background Thread 3 ] DEBUG Engine               - is3D: false
10:53:26.159 [FXGL Background Thread 3 ] DEBUG Engine               - isAndroid: false
10:53:26.159 [FXGL Background Thread 3 ] DEBUG Engine               - isBrowser: false
10:53:26.159 [FXGL Background Thread 3 ] DEBUG Engine               - isClickFeedbackEnabled: false
10:53:26.159 [FXGL Background Thread 3 ] DEBUG Engine               - isCloseConfirmation: false
10:53:26.159 [FXGL Background Thread 3 ] DEBUG Engine               - isDesktop: true
10:53:26.159 [FXGL Background Thread 3 ] DEBUG Engine               - isDeveloperMenuEnabled: false
10:53:26.159 [FXGL Background Thread 3 ] DEBUG Engine               - isEmbedded: false
10:53:26.159 [FXGL Background Thread 3 ] DEBUG Engine               - isEntityPreloadEnabled: true
10:53:26.159 [FXGL Background Thread 3 ] DEBUG Engine               - isExperimentalTiledLargeMap: false
10:53:26.159 [FXGL Background Thread 3 ] DEBUG Engine               - isFileSystemWriteAllowed: true
10:53:26.159 [FXGL Background Thread 3 ] DEBUG Engine               - isFullScreenAllowed: false
10:53:26.159 [FXGL Background Thread 3 ] DEBUG Engine               - isFullScreenFromStart: false
10:53:26.159 [FXGL Background Thread 3 ] DEBUG Engine               - isGameMenuEnabled: true
10:53:26.159 [FXGL Background Thread 3 ] DEBUG Engine               - isIOS: false
10:53:26.159 [FXGL Background Thread 3 ] DEBUG Engine               - isIntroEnabled: false
10:53:26.159 [FXGL Background Thread 3 ] DEBUG Engine               - isLinux: false
10:53:26.159 [FXGL Background Thread 3 ] DEBUG Engine               - isMac: false
10:53:26.159 [FXGL Background Thread 3 ] DEBUG Engine               - isMainMenuEnabled: true
10:53:26.159 [FXGL Background Thread 3 ] DEBUG Engine               - isManualResizeEnabled: false
10:53:26.159 [FXGL Background Thread 3 ] DEBUG Engine               - isMobile: false
10:53:26.159 [FXGL Background Thread 3 ] DEBUG Engine               - isNative: false
10:53:26.159 [FXGL Background Thread 3 ] DEBUG Engine               - isPauseMusicWhenMinimized: true
10:53:26.159 [FXGL Background Thread 3 ] DEBUG Engine               - isPreserveResizeRatio: false
10:53:26.159 [FXGL Background Thread 3 ] DEBUG Engine               - isProfilingEnabled: false
10:53:26.159 [FXGL Background Thread 3 ] DEBUG Engine               - isScaleAffectedOnResize: true
10:53:26.159 [FXGL Background Thread 3 ] DEBUG Engine               - isSingleStep: false
10:53:26.159 [FXGL Background Thread 3 ] DEBUG Engine               - isUserProfileEnabled: false
10:53:26.159 [FXGL Background Thread 3 ] DEBUG Engine               - isWindows: true
10:53:26.159 [FXGL Background Thread 3 ] DEBUG Engine               - language: ObjectProperty [value: ENGLISH]
10:53:26.159 [FXGL Background Thread 3 ] DEBUG Engine               - menuKey: ESCAPE
10:53:26.159 [FXGL Background Thread 3 ] DEBUG Engine               - mouseSensitivity: 0.2
10:53:26.159 [FXGL Background Thread 3 ] DEBUG Engine               - notificationViewClass: class com.almasb.fxgl.notification.view.XboxNotificationView
10:53:26.159 [FXGL Background Thread 3 ] DEBUG Engine               - pixelsPerMeter: 50.0
10:53:26.159 [FXGL Background Thread 3 ] DEBUG Engine               - platform: WINDOWS
10:53:26.159 [FXGL Background Thread 3 ] DEBUG Engine               - prefHeightProperty: ReadOnlyDoubleProperty [value: 720.0]
10:53:26.159 [FXGL Background Thread 3 ] DEBUG Engine               - prefWidthProperty: ReadOnlyDoubleProperty [value: 1500.0]
10:53:26.159 [FXGL Background Thread 3 ] DEBUG Engine               - profileDir: profiles/
10:53:26.159 [FXGL Background Thread 3 ] DEBUG Engine               - profileName: StringProperty [value: DEFAULT]
10:53:26.159 [FXGL Background Thread 3 ] DEBUG Engine               - randomSeed: -1
10:53:26.159 [FXGL Background Thread 3 ] DEBUG Engine               - runtimeInfo: RuntimeInfo(platform=WINDOWS, version=17, build=31.12.2021 18.16)
10:53:26.159 [FXGL Background Thread 3 ] DEBUG Engine               - saveFileExt: sav
10:53:26.159 [FXGL Background Thread 3 ] DEBUG Engine               - scaledHeightProp$fxgl: DoubleProperty [bound, value: 720.0]
10:53:26.159 [FXGL Background Thread 3 ] DEBUG Engine               - scaledWidthProp$fxgl: DoubleProperty [bound, value: 1500.0]
10:53:26.159 [FXGL Background Thread 3 ] DEBUG Engine               - sceneFactory: game.MySceneFactory@7afc4345
10:53:26.159 [FXGL Background Thread 3 ] DEBUG Engine               - secondsIn24h: 60
10:53:26.159 [FXGL Background Thread 3 ] DEBUG Engine               - soundMenuBack: menu/back.wav
10:53:26.159 [FXGL Background Thread 3 ] DEBUG Engine               - soundMenuPress: menu/press.wav
10:53:26.159 [FXGL Background Thread 3 ] DEBUG Engine               - soundMenuSelect: menu/select.wav
10:53:26.159 [FXGL Background Thread 3 ] DEBUG Engine               - soundNotification: core/notification.wav
10:53:26.159 [FXGL Background Thread 3 ] DEBUG Engine               - stageStyle: DECORATED
10:53:26.159 [FXGL Background Thread 3 ] DEBUG Engine               - supportedLanguages: [ENGLISH, FRENCH, GERMAN, HUNGARIAN, RUSSIAN]
10:53:26.161 [FXGL Background Thread 3 ] DEBUG Engine               - ticksPerSecond: -1
10:53:26.161 [FXGL Background Thread 3 ] DEBUG Engine               - title: Escape HSLEIDEN
10:53:26.161 [FXGL Background Thread 3 ] DEBUG Engine               - urlGithub: https://github.com/AlmasB/FXGL
10:53:26.161 [FXGL Background Thread 3 ] DEBUG Engine               - urlLeaderboard: http://fxgl-top.herokuapp.com/
10:53:26.161 [FXGL Background Thread 3 ] DEBUG Engine               - urlPOM: https://raw.githubusercontent.com/AlmasB/FXGL/release/README.md
10:53:26.161 [FXGL Background Thread 3 ] DEBUG Engine               - userAppClass: class game.PlatformerApp
10:53:26.161 [FXGL Background Thread 3 ] DEBUG Engine               - version: 1
10:53:26.161 [FXGL Background Thread 3 ] DEBUG Engine               - versionCheckDays: 7
10:53:26.161 [FXGL Background Thread 3 ] DEBUG Engine               - width: 1500
10:53:26.161 [FXGL Background Thread 3 ] DEBUG Engine               - Logging services
10:53:26.161 [FXGL Background Thread 3 ] DEBUG Engine               - class com.almasb.fxgl.app.services.FXGLAssetLoaderService
10:53:26.161 [FXGL Background Thread 3 ] DEBUG Engine               - class com.almasb.fxgl.app.FXGLApplication$GameApplicationService
10:53:26.161 [FXGL Background Thread 3 ] DEBUG Engine               - class com.almasb.fxgl.app.services.FXGLDialogService
10:53:26.161 [FXGL Background Thread 3 ] DEBUG Engine               - class com.almasb.fxgl.app.services.IOTaskExecutorService
10:53:26.161 [FXGL Background Thread 3 ] DEBUG Engine               - class com.almasb.fxgl.io.FileSystemService
10:53:26.161 [FXGL Background Thread 3 ] DEBUG Engine               - class com.almasb.fxgl.localization.LocalizationService
10:53:26.161 [FXGL Background Thread 3 ] DEBUG Engine               - class com.almasb.fxgl.app.services.SystemBundleService
10:53:26.161 [FXGL Background Thread 3 ] DEBUG Engine               - class com.almasb.fxgl.profile.SaveLoadService
10:53:26.161 [FXGL Background Thread 3 ] DEBUG Engine               - class com.almasb.fxgl.ui.FXGLUIFactoryServiceProvider
10:53:26.161 [FXGL Background Thread 3 ] DEBUG Engine               - class com.almasb.fxgl.ui.FXGLDialogFactoryServiceProvider
10:53:26.161 [FXGL Background Thread 3 ] DEBUG Engine               - class com.almasb.fxgl.audio.AudioPlayer
10:53:26.161 [FXGL Background Thread 3 ] DEBUG Engine               - class com.almasb.fxgl.notification.impl.NotificationServiceProvider
10:53:26.161 [FXGL Background Thread 3 ] DEBUG Engine               - class com.almasb.fxgl.achievement.AchievementService
10:53:26.161 [FXGL Background Thread 3 ] DEBUG Engine               - class com.almasb.fxgl.cutscene.CutsceneService
10:53:26.161 [FXGL Background Thread 3 ] DEBUG Engine               - class com.almasb.fxgl.minigames.MiniGameService
10:53:26.161 [FXGL Background Thread 3 ] DEBUG Engine               - class com.almasb.fxgl.net.NetService
10:53:26.161 [FXGL Background Thread 3 ] DEBUG Engine               - class com.almasb.fxgl.app.services.UpdaterService
10:53:26.161 [FXGL Background Thread 3 ] DEBUG Engine               - class com.almasb.fxgl.dev.DevService
10:53:29.881 [JavaFX Application Thread] DEBUG FXGLAssetLoaderServi - Loading from file system: file:/C:/Users/jasbh/Downloads/game%202/target/classes/assets/sounds/jump.wav
10:53:30.128 [JavaFX Application Thread] DEBUG FXGLAssetLoaderServi - Loading from file system: file:/C:/Users/jasbh/Downloads/game%202/target/classes/assets/sounds/Item_Get.wav
10:53:38.837 [JavaFX Application Thread] DEBUG FXGLAssetLoaderServi - Loading from file system: file:/C:/Users/jasbh/Downloads/game%202/target/classes/assets/sounds/level_complete.wav
10:53:38.849 [JavaFX Application Thread] WARN  TMXLevelLoader       - TiledMap generated from 1.0.1. Supported version: 1.2.3. Some features may not be parsed fully.
10:53:38.854 [JavaFX Application Thread] DEBUG TMXLevelLoader       - Parsed TiledMap: file:/C:/Users/jasbh/Downloads/game%202/target/classes/assets/levels/tmx/level2.tmx
10:53:38.854 [JavaFX Application Thread] DEBUG TMXLevelLoader       - Creating tile layer entities
10:53:38.854 [JavaFX Application Thread] DEBUG TilesetLoader        - Loading view for layer Tile Layer 1
10:53:38.855 [JavaFX Application Thread] DEBUG TilesetLoader        - Created buffer with size 1050.0x700.0
10:53:38.862 [JavaFX Application Thread] DEBUG TMXLevelLoader       - Creating object layer entities
10:53:38.864 [JavaFX Application Thread] DEBUG GameWorld            - Clearing removable entities
10:53:38.865 [JavaFX Application Thread] DEBUG GameWorld            - Setting level: com.almasb.fxgl.entity.level.Level@34b8e948
10:53:46.656 [JavaFX Application Thread] WARN  TMXLevelLoader       - TiledMap generated from 1.0.1. Supported version: 1.2.3. Some features may not be parsed fully.
10:53:46.658 [JavaFX Application Thread] DEBUG TMXLevelLoader       - Parsed TiledMap: file:/C:/Users/jasbh/Downloads/game%202/target/classes/assets/levels/tmx/level2.tmx
10:53:46.658 [JavaFX Application Thread] DEBUG TMXLevelLoader       - Creating tile layer entities
10:53:46.658 [JavaFX Application Thread] DEBUG TilesetLoader        - Loading view for layer Tile Layer 1
10:53:46.659 [JavaFX Application Thread] DEBUG TilesetLoader        - Created buffer with size 1050.0x700.0
10:53:46.666 [JavaFX Application Thread] DEBUG TMXLevelLoader       - Creating object layer entities
10:53:46.669 [JavaFX Application Thread] DEBUG GameWorld            - Clearing removable entities
10:53:46.670 [JavaFX Application Thread] DEBUG GameWorld            - Setting level: com.almasb.fxgl.entity.level.Level@17405fe1
10:54:02.452 [JavaFX Application Thread] WARN  TMXLevelLoader       - TiledMap generated from 1.0.1. Supported version: 1.2.3. Some features may not be parsed fully.
10:54:02.454 [JavaFX Application Thread] DEBUG TMXLevelLoader       - Parsed TiledMap: file:/C:/Users/jasbh/Downloads/game%202/target/classes/assets/levels/tmx/level3.tmx
10:54:02.454 [JavaFX Application Thread] DEBUG TMXLevelLoader       - Creating tile layer entities
10:54:02.454 [JavaFX Application Thread] DEBUG TilesetLoader        - Loading view for layer Tile Layer 1
10:54:02.454 [JavaFX Application Thread] DEBUG TilesetLoader        - Created buffer with size 1050.0x700.0
10:54:02.461 [JavaFX Application Thread] DEBUG TMXLevelLoader       - Creating object layer entities
10:54:02.463 [JavaFX Application Thread] DEBUG GameWorld            - Clearing removable entities
10:54:02.464 [JavaFX Application Thread] DEBUG GameWorld            - Setting level: com.almasb.fxgl.entity.level.Level@4bc2813d
10:54:13.827 [JavaFX Application Thread] WARN  TMXLevelLoader       - TiledMap generated from 1.0.1. Supported version: 1.2.3. Some features may not be parsed fully.
10:54:13.829 [JavaFX Application Thread] DEBUG TMXLevelLoader       - Parsed TiledMap: file:/C:/Users/jasbh/Downloads/game%202/target/classes/assets/levels/tmx/level4.tmx
10:54:13.829 [JavaFX Application Thread] DEBUG TMXLevelLoader       - Creating tile layer entities
10:54:13.829 [JavaFX Application Thread] DEBUG TilesetLoader        - Loading view for layer Tile Layer 1
10:54:13.829 [JavaFX Application Thread] DEBUG TilesetLoader        - Created buffer with size 1050.0x700.0
10:54:13.836 [JavaFX Application Thread] DEBUG TMXLevelLoader       - Creating object layer entities
10:54:13.838 [JavaFX Application Thread] DEBUG GameWorld            - Clearing removable entities
10:54:13.839 [JavaFX Application Thread] DEBUG GameWorld            - Setting level: com.almasb.fxgl.entity.level.Level@6ced3b61
10:54:18.778 [JavaFX Application Thread] WARN  TMXLevelLoader       - TiledMap generated from 1.0.1. Supported version: 1.2.3. Some features may not be parsed fully.
10:54:18.779 [JavaFX Application Thread] DEBUG TMXLevelLoader       - Parsed TiledMap: file:/C:/Users/jasbh/Downloads/game%202/target/classes/assets/levels/tmx/level4.tmx
10:54:18.779 [JavaFX Application Thread] DEBUG TMXLevelLoader       - Creating tile layer entities
10:54:18.779 [JavaFX Application Thread] DEBUG TilesetLoader        - Loading view for layer Tile Layer 1
10:54:18.779 [JavaFX Application Thread] DEBUG TilesetLoader        - Created buffer with size 1050.0x700.0
10:54:18.788 [JavaFX Application Thread] DEBUG TMXLevelLoader       - Creating object layer entities
10:54:18.790 [JavaFX Application Thread] DEBUG GameWorld            - Clearing removable entities
10:54:18.791 [JavaFX Application Thread] DEBUG GameWorld            - Setting level: com.almasb.fxgl.entity.level.Level@78d3c766
10:54:25.147 [JavaFX Application Thread] WARN  TMXLevelLoader       - TiledMap generated from 1.0.1. Supported version: 1.2.3. Some features may not be parsed fully.
10:54:25.148 [JavaFX Application Thread] DEBUG TMXLevelLoader       - Parsed TiledMap: file:/C:/Users/jasbh/Downloads/game%202/target/classes/assets/levels/tmx/level4.tmx
10:54:25.148 [JavaFX Application Thread] DEBUG TMXLevelLoader       - Creating tile layer entities
10:54:25.148 [JavaFX Application Thread] DEBUG TilesetLoader        - Loading view for layer Tile Layer 1
10:54:25.148 [JavaFX Application Thread] DEBUG TilesetLoader        - Created buffer with size 1050.0x700.0
10:54:25.155 [JavaFX Application Thread] DEBUG TMXLevelLoader       - Creating object layer entities
10:54:25.156 [JavaFX Application Thread] DEBUG GameWorld            - Clearing removable entities
10:54:25.157 [JavaFX Application Thread] DEBUG GameWorld            - Setting level: com.almasb.fxgl.entity.level.Level@6455c962
10:54:33.930 [JavaFX Application Thread] WARN  TMXLevelLoader       - TiledMap generated from 1.0.1. Supported version: 1.2.3. Some features may not be parsed fully.
10:54:33.931 [JavaFX Application Thread] DEBUG TMXLevelLoader       - Parsed TiledMap: file:/C:/Users/jasbh/Downloads/game%202/target/classes/assets/levels/tmx/level4.tmx
10:54:33.931 [JavaFX Application Thread] DEBUG TMXLevelLoader       - Creating tile layer entities
10:54:33.931 [JavaFX Application Thread] DEBUG TilesetLoader        - Loading view for layer Tile Layer 1
10:54:33.931 [JavaFX Application Thread] DEBUG TilesetLoader        - Created buffer with size 1050.0x700.0
10:54:33.937 [JavaFX Application Thread] DEBUG TMXLevelLoader       - Creating object layer entities
10:54:33.939 [JavaFX Application Thread] DEBUG GameWorld            - Clearing removable entities
10:54:33.939 [JavaFX Application Thread] DEBUG GameWorld            - Setting level: com.almasb.fxgl.entity.level.Level@355fe23f
10:55:25.905 [JavaFX Application Thread] DEBUG PrimaryStageWindow   - Push state: DialogSubScene
10:55:25.905 [JavaFX Application Thread] DEBUG Input                - Clearing active input actions
10:55:25.906 [JavaFX Application Thread] DEBUG GameApplicationServi - Removing overlay from GameScene and adding to DialogSubScene
10:55:25.907 [JavaFX Application Thread] DEBUG PrimaryStageWindow   - GameScene -> DialogSubScene
10:55:30.876 [JavaFX Application Thread] DEBUG PrimaryStageWindow   - Pop state: DialogSubScene
10:55:30.876 [JavaFX Application Thread] DEBUG Input                - Clearing active input actions
10:55:30.876 [JavaFX Application Thread] DEBUG GameApplicationServi - Removing overlay from DialogSubScene and adding to GameScene
10:55:30.876 [JavaFX Application Thread] DEBUG PrimaryStageWindow   - GameScene <- DialogSubScene
10:55:30.878 [JavaFX Application Thread] DEBUG Input                - Clearing active input actions
10:55:30.880 [JavaFX Application Thread] DEBUG GameApplicationServi - Removing overlay from GameScene and adding to FXGLMainMenuDummyScene
10:55:30.880 [JavaFX Application Thread] DEBUG PrimaryStageWindow   - GameScene -> FXGLMainMenuDummyScene
10:55:30.880 [JavaFX Application Thread] DEBUG PrimaryStageWindow   - Push state: MyMenu
10:55:30.880 [JavaFX Application Thread] DEBUG Input                - Clearing active input actions
10:55:30.881 [JavaFX Application Thread] DEBUG GameApplicationServi - Removing overlay from FXGLMainMenuDummyScene and adding to MyMenu
10:55:30.881 [JavaFX Application Thread] DEBUG PrimaryStageWindow   - FXGLMainMenuDummyScene -> MyMenu
10:55:32.119 [JavaFX Application Thread] DEBUG PrimaryStageWindow   - Push state: DialogSubScene
10:55:32.119 [JavaFX Application Thread] DEBUG Input                - Clearing active input actions
10:55:32.119 [JavaFX Application Thread] DEBUG GameApplicationServi - Removing overlay from MyMenu and adding to DialogSubScene
10:55:32.119 [JavaFX Application Thread] DEBUG PrimaryStageWindow   - MyMenu -> DialogSubScene
10:55:37.935 [JavaFX Application Thread] DEBUG PrimaryStageWindow   - Pop state: DialogSubScene
10:55:37.935 [JavaFX Application Thread] DEBUG Input                - Clearing active input actions
10:55:37.935 [JavaFX Application Thread] DEBUG GameApplicationServi - Removing overlay from DialogSubScene and adding to MyMenu
10:55:37.935 [JavaFX Application Thread] DEBUG PrimaryStageWindow   - MyMenu <- DialogSubScene
10:55:45.447 [JavaFX Application Thread] DEBUG Menu                 - fireNewGame()
10:55:45.447 [JavaFX Application Thread] DEBUG GameApplicationServi - Starting new game
10:55:45.447 [JavaFX Application Thread] DEBUG PrimaryStageWindow   - Pop state: MyMenu
10:55:45.447 [JavaFX Application Thread] DEBUG Input                - Clearing active input actions
10:55:45.447 [JavaFX Application Thread] DEBUG GameApplicationServi - Removing overlay from MyMenu and adding to FXGLMainMenuDummyScene
10:55:45.447 [JavaFX Application Thread] DEBUG PrimaryStageWindow   - FXGLMainMenuDummyScene <- MyMenu
10:55:45.447 [JavaFX Application Thread] DEBUG Input                - Clearing active input actions
10:55:45.449 [JavaFX Application Thread] DEBUG GameApplicationServi - Removing overlay from FXGLMainMenuDummyScene and adding to FXGLLoadingScene
10:55:45.449 [JavaFX Application Thread] DEBUG PrimaryStageWindow   - FXGLMainMenuDummyScene -> FXGLLoadingScene
10:55:45.449 [JavaFX Application Thread] DEBUG GameApplicationServi - Clearing previous game
10:55:45.449 [JavaFX Application Thread] DEBUG GameScene            - Clearing game scene
10:55:45.449 [JavaFX Application Thread] DEBUG GameWorld            - Clearing game world
10:55:45.450 [JavaFX Application Thread] DEBUG PhysicsWorld         - Clearing physics world
10:55:45.451 [FXGL Background Thread 5 ] DEBUG FXGLApplication      - Initializing game
10:55:45.453 [FXGL Background Thread 5 ] WARN  TMXLevelLoader       - TiledMap generated from 1.0.1. Supported version: 1.2.3. Some features may not be parsed fully.
10:55:45.454 [FXGL Background Thread 5 ] DEBUG TMXLevelLoader       - Parsed TiledMap: file:/C:/Users/jasbh/Downloads/game%202/target/classes/assets/levels/tmx/level1.tmx
10:55:45.454 [FXGL Background Thread 5 ] DEBUG TMXLevelLoader       - Creating tile layer entities
10:55:45.454 [FXGL Background Thread 5 ] DEBUG TilesetLoader        - Loading view for layer Tile Layer 1
10:55:45.454 [FXGL Background Thread 5 ] DEBUG TilesetLoader        - Created buffer with size 1050.0x700.0
10:55:45.462 [FXGL Background Thread 5 ] DEBUG TMXLevelLoader       - Creating object layer entities
10:55:45.464 [FXGL Background Thread 5 ] DEBUG GameWorld            - Clearing removable entities
10:55:45.464 [FXGL Background Thread 5 ] DEBUG GameWorld            - Setting level: com.almasb.fxgl.entity.level.Level@2bebe039
10:55:45.466 [FXGL Background Thread 5 ] INFO  FXGLApplication      - Game initialization took: 0.015 sec
10:55:45.466 [JavaFX Application Thread] DEBUG Input                - Clearing active input actions
10:55:45.468 [JavaFX Application Thread] DEBUG GameApplicationServi - Removing overlay from FXGLLoadingScene and adding to GameScene
10:55:45.468 [JavaFX Application Thread] DEBUG PrimaryStageWindow   - FXGLLoadingScene -> GameScene
10:55:55.683 [JavaFX Application Thread] WARN  TMXLevelLoader       - TiledMap generated from 1.0.1. Supported version: 1.2.3. Some features may not be parsed fully.
10:55:55.684 [JavaFX Application Thread] DEBUG TMXLevelLoader       - Parsed TiledMap: file:/C:/Users/jasbh/Downloads/game%202/target/classes/assets/levels/tmx/level2.tmx
10:55:55.684 [JavaFX Application Thread] DEBUG TMXLevelLoader       - Creating tile layer entities
10:55:55.684 [JavaFX Application Thread] DEBUG TilesetLoader        - Loading view for layer Tile Layer 1
10:55:55.685 [JavaFX Application Thread] DEBUG TilesetLoader        - Created buffer with size 1050.0x700.0
10:55:55.693 [JavaFX Application Thread] DEBUG TMXLevelLoader       - Creating object layer entities
10:55:55.695 [JavaFX Application Thread] DEBUG GameWorld            - Clearing removable entities
10:55:55.695 [JavaFX Application Thread] DEBUG GameWorld            - Setting level: com.almasb.fxgl.entity.level.Level@57f58d81
10:56:12.378 [JavaFX Application Thread] WARN  TMXLevelLoader       - TiledMap generated from 1.0.1. Supported version: 1.2.3. Some features may not be parsed fully.
10:56:12.379 [JavaFX Application Thread] DEBUG TMXLevelLoader       - Parsed TiledMap: file:/C:/Users/jasbh/Downloads/game%202/target/classes/assets/levels/tmx/level3.tmx
10:56:12.379 [JavaFX Application Thread] DEBUG TMXLevelLoader       - Creating tile layer entities
10:56:12.380 [JavaFX Application Thread] DEBUG TilesetLoader        - Loading view for layer Tile Layer 1
10:56:12.380 [JavaFX Application Thread] DEBUG TilesetLoader        - Created buffer with size 1050.0x700.0
10:56:12.387 [JavaFX Application Thread] DEBUG TMXLevelLoader       - Creating object layer entities
10:56:12.388 [JavaFX Application Thread] DEBUG GameWorld            - Clearing removable entities
10:56:12.389 [JavaFX Application Thread] DEBUG GameWorld            - Setting level: com.almasb.fxgl.entity.level.Level@464470f5
10:56:22.778 [JavaFX Application Thread] WARN  TMXLevelLoader       - TiledMap generated from 1.0.1. Supported version: 1.2.3. Some features may not be parsed fully.
10:56:22.779 [JavaFX Application Thread] DEBUG TMXLevelLoader       - Parsed TiledMap: file:/C:/Users/jasbh/Downloads/game%202/target/classes/assets/levels/tmx/level4.tmx
10:56:22.779 [JavaFX Application Thread] DEBUG TMXLevelLoader       - Creating tile layer entities
10:56:22.779 [JavaFX Application Thread] DEBUG TilesetLoader        - Loading view for layer Tile Layer 1
10:56:22.780 [JavaFX Application Thread] DEBUG TilesetLoader        - Created buffer with size 1050.0x700.0
10:56:22.787 [JavaFX Application Thread] DEBUG TMXLevelLoader       - Creating object layer entities
10:56:22.788 [JavaFX Application Thread] DEBUG GameWorld            - Clearing removable entities
10:56:22.788 [JavaFX Application Thread] DEBUG GameWorld            - Setting level: com.almasb.fxgl.entity.level.Level@5f382e6f
10:56:36.426 [JavaFX Application Thread] WARN  TMXLevelLoader       - TiledMap generated from 1.0.1. Supported version: 1.2.3. Some features may not be parsed fully.
10:56:36.427 [JavaFX Application Thread] DEBUG TMXLevelLoader       - Parsed TiledMap: file:/C:/Users/jasbh/Downloads/game%202/target/classes/assets/levels/tmx/level4.tmx
10:56:36.427 [JavaFX Application Thread] DEBUG TMXLevelLoader       - Creating tile layer entities
10:56:36.427 [JavaFX Application Thread] DEBUG TilesetLoader        - Loading view for layer Tile Layer 1
10:56:36.427 [JavaFX Application Thread] DEBUG TilesetLoader        - Created buffer with size 1050.0x700.0
10:56:36.433 [JavaFX Application Thread] DEBUG TMXLevelLoader       - Creating object layer entities
10:56:36.434 [JavaFX Application Thread] DEBUG GameWorld            - Clearing removable entities
10:56:36.434 [JavaFX Application Thread] DEBUG GameWorld            - Setting level: com.almasb.fxgl.entity.level.Level@2766436f
10:56:50.761 [JavaFX Application Thread] DEBUG PrimaryStageWindow   - Push state: DialogSubScene
10:56:50.761 [JavaFX Application Thread] DEBUG Input                - Clearing active input actions
10:56:50.761 [JavaFX Application Thread] DEBUG GameApplicationServi - Removing overlay from GameScene and adding to DialogSubScene
10:56:50.761 [JavaFX Application Thread] DEBUG PrimaryStageWindow   - GameScene -> DialogSubScene
10:56:54.518 [JavaFX Application Thread] DEBUG PrimaryStageWindow   - Pop state: DialogSubScene
10:56:54.518 [JavaFX Application Thread] DEBUG Input                - Clearing active input actions
10:56:54.519 [JavaFX Application Thread] DEBUG GameApplicationServi - Removing overlay from DialogSubScene and adding to GameScene
10:56:54.519 [JavaFX Application Thread] DEBUG PrimaryStageWindow   - GameScene <- DialogSubScene
10:56:54.519 [JavaFX Application Thread] DEBUG Input                - Clearing active input actions
10:56:54.521 [JavaFX Application Thread] DEBUG GameApplicationServi - Removing overlay from GameScene and adding to FXGLMainMenuDummyScene
10:56:54.521 [JavaFX Application Thread] DEBUG PrimaryStageWindow   - GameScene -> FXGLMainMenuDummyScene
10:56:54.521 [JavaFX Application Thread] DEBUG PrimaryStageWindow   - Push state: MyMenu
10:56:54.521 [JavaFX Application Thread] DEBUG Input                - Clearing active input actions
10:56:54.521 [JavaFX Application Thread] DEBUG GameApplicationServi - Removing overlay from FXGLMainMenuDummyScene and adding to MyMenu
10:56:54.521 [JavaFX Application Thread] DEBUG PrimaryStageWindow   - FXGLMainMenuDummyScene -> MyMenu
10:56:57.646 [JavaFX Application Thread] DEBUG Menu                 - fireNewGame()
10:56:57.646 [JavaFX Application Thread] DEBUG GameApplicationServi - Starting new game
10:56:57.646 [JavaFX Application Thread] DEBUG PrimaryStageWindow   - Pop state: MyMenu
10:56:57.646 [JavaFX Application Thread] DEBUG Input                - Clearing active input actions
10:56:57.646 [JavaFX Application Thread] DEBUG GameApplicationServi - Removing overlay from MyMenu and adding to FXGLMainMenuDummyScene
10:56:57.647 [JavaFX Application Thread] DEBUG PrimaryStageWindow   - FXGLMainMenuDummyScene <- MyMenu
10:56:57.647 [JavaFX Application Thread] DEBUG Input                - Clearing active input actions
10:56:57.648 [JavaFX Application Thread] DEBUG GameApplicationServi - Removing overlay from FXGLMainMenuDummyScene and adding to FXGLLoadingScene
10:56:57.648 [JavaFX Application Thread] DEBUG PrimaryStageWindow   - FXGLMainMenuDummyScene -> FXGLLoadingScene
10:56:57.648 [JavaFX Application Thread] DEBUG GameApplicationServi - Clearing previous game
10:56:57.648 [JavaFX Application Thread] DEBUG GameScene            - Clearing game scene
10:56:57.648 [JavaFX Application Thread] DEBUG GameWorld            - Clearing game world
10:56:57.649 [JavaFX Application Thread] DEBUG PhysicsWorld         - Clearing physics world
10:56:57.649 [FXGL Background Thread 6 ] DEBUG FXGLApplication      - Initializing game
10:56:57.652 [FXGL Background Thread 6 ] WARN  TMXLevelLoader       - TiledMap generated from 1.0.1. Supported version: 1.2.3. Some features may not be parsed fully.
10:56:57.652 [FXGL Background Thread 6 ] DEBUG TMXLevelLoader       - Parsed TiledMap: file:/C:/Users/jasbh/Downloads/game%202/target/classes/assets/levels/tmx/level1.tmx
10:56:57.652 [FXGL Background Thread 6 ] DEBUG TMXLevelLoader       - Creating tile layer entities
10:56:57.652 [FXGL Background Thread 6 ] DEBUG TilesetLoader        - Loading view for layer Tile Layer 1
10:56:57.653 [FXGL Background Thread 6 ] DEBUG TilesetLoader        - Created buffer with size 1050.0x700.0
10:56:57.659 [FXGL Background Thread 6 ] DEBUG TMXLevelLoader       - Creating object layer entities
10:56:57.661 [FXGL Background Thread 6 ] DEBUG GameWorld            - Clearing removable entities
10:56:57.661 [FXGL Background Thread 6 ] DEBUG GameWorld            - Setting level: com.almasb.fxgl.entity.level.Level@4b8fa287
10:56:57.662 [FXGL Background Thread 6 ] INFO  FXGLApplication      - Game initialization took: 0.012 sec
10:56:57.663 [JavaFX Application Thread] DEBUG Input                - Clearing active input actions
10:56:57.665 [JavaFX Application Thread] DEBUG GameApplicationServi - Removing overlay from FXGLLoadingScene and adding to GameScene
10:56:57.665 [JavaFX Application Thread] DEBUG PrimaryStageWindow   - FXGLLoadingScene -> GameScene
10:57:09.317 [JavaFX Application Thread] WARN  TMXLevelLoader       - TiledMap generated from 1.0.1. Supported version: 1.2.3. Some features may not be parsed fully.
10:57:09.317 [JavaFX Application Thread] DEBUG TMXLevelLoader       - Parsed TiledMap: file:/C:/Users/jasbh/Downloads/game%202/target/classes/assets/levels/tmx/level1.tmx
10:57:09.317 [JavaFX Application Thread] DEBUG TMXLevelLoader       - Creating tile layer entities
10:57:09.318 [JavaFX Application Thread] DEBUG TilesetLoader        - Loading view for layer Tile Layer 1
10:57:09.318 [JavaFX Application Thread] DEBUG TilesetLoader        - Created buffer with size 1050.0x700.0
10:57:09.325 [JavaFX Application Thread] DEBUG TMXLevelLoader       - Creating object layer entities
10:57:09.326 [JavaFX Application Thread] DEBUG GameWorld            - Clearing removable entities
10:57:09.326 [JavaFX Application Thread] DEBUG GameWorld            - Setting level: com.almasb.fxgl.entity.level.Level@54890a67
10:57:10.155 [JavaFX Application Thread] DEBUG PrimaryStageWindow   - Push state: FXGLDefaultMenu
10:57:10.156 [JavaFX Application Thread] DEBUG Input                - Clearing active input actions
10:57:10.157 [JavaFX Application Thread] DEBUG GameApplicationServi - Removing overlay from GameScene and adding to FXGLDefaultMenu
10:57:10.157 [JavaFX Application Thread] DEBUG PrimaryStageWindow   - GameScene -> FXGLDefaultMenu
10:57:11.494 [JavaFX Application Thread] DEBUG Menu                 - fireExitToMainMenu()
10:57:11.496 [JavaFX Application Thread] DEBUG PrimaryStageWindow   - Push state: DialogSubScene
10:57:11.496 [JavaFX Application Thread] DEBUG Input                - Clearing active input actions
10:57:11.496 [JavaFX Application Thread] DEBUG GameApplicationServi - Removing overlay from FXGLDefaultMenu and adding to DialogSubScene
10:57:11.497 [JavaFX Application Thread] DEBUG PrimaryStageWindow   - FXGLDefaultMenu -> DialogSubScene
10:57:12.279 [JavaFX Application Thread] DEBUG PrimaryStageWindow   - Pop state: DialogSubScene
10:57:12.279 [JavaFX Application Thread] DEBUG Input                - Clearing active input actions
10:57:12.279 [JavaFX Application Thread] DEBUG GameApplicationServi - Removing overlay from DialogSubScene and adding to FXGLDefaultMenu
10:57:12.279 [JavaFX Application Thread] DEBUG PrimaryStageWindow   - FXGLDefaultMenu <- DialogSubScene
10:57:12.281 [JavaFX Application Thread] DEBUG PrimaryStageWindow   - Pop state: FXGLDefaultMenu
10:57:12.281 [JavaFX Application Thread] DEBUG Input                - Clearing active input actions
10:57:12.281 [JavaFX Application Thread] DEBUG GameApplicationServi - Removing overlay from FXGLDefaultMenu and adding to GameScene
10:57:12.281 [JavaFX Application Thread] DEBUG PrimaryStageWindow   - GameScene <- FXGLDefaultMenu
10:57:12.281 [JavaFX Application Thread] DEBUG Input                - Clearing active input actions
10:57:12.284 [JavaFX Application Thread] DEBUG GameApplicationServi - Removing overlay from GameScene and adding to FXGLMainMenuDummyScene
10:57:12.284 [JavaFX Application Thread] DEBUG PrimaryStageWindow   - GameScene -> FXGLMainMenuDummyScene
10:57:12.284 [JavaFX Application Thread] DEBUG PrimaryStageWindow   - Push state: MyMenu
10:57:12.284 [JavaFX Application Thread] DEBUG Input                - Clearing active input actions
10:57:12.284 [JavaFX Application Thread] DEBUG GameApplicationServi - Removing overlay from FXGLMainMenuDummyScene and adding to MyMenu
10:57:12.284 [JavaFX Application Thread] DEBUG PrimaryStageWindow   - FXGLMainMenuDummyScene -> MyMenu
10:57:12.846 [JavaFX Application Thread] DEBUG Menu                 - fireNewGame()
10:57:12.846 [JavaFX Application Thread] DEBUG GameApplicationServi - Starting new game
10:57:12.846 [JavaFX Application Thread] DEBUG PrimaryStageWindow   - Pop state: MyMenu
10:57:12.846 [JavaFX Application Thread] DEBUG Input                - Clearing active input actions
10:57:12.846 [JavaFX Application Thread] DEBUG GameApplicationServi - Removing overlay from MyMenu and adding to FXGLMainMenuDummyScene
10:57:12.846 [JavaFX Application Thread] DEBUG PrimaryStageWindow   - FXGLMainMenuDummyScene <- MyMenu
10:57:12.846 [JavaFX Application Thread] DEBUG Input                - Clearing active input actions
10:57:12.849 [JavaFX Application Thread] DEBUG GameApplicationServi - Removing overlay from FXGLMainMenuDummyScene and adding to FXGLLoadingScene
10:57:12.849 [JavaFX Application Thread] DEBUG PrimaryStageWindow   - FXGLMainMenuDummyScene -> FXGLLoadingScene
10:57:12.849 [JavaFX Application Thread] DEBUG GameApplicationServi - Clearing previous game
10:57:12.849 [JavaFX Application Thread] DEBUG GameScene            - Clearing game scene
10:57:12.849 [JavaFX Application Thread] DEBUG GameWorld            - Clearing game world
10:57:12.849 [JavaFX Application Thread] DEBUG PhysicsWorld         - Clearing physics world
10:57:12.851 [FXGL Background Thread 6 ] DEBUG FXGLApplication      - Initializing game
10:57:12.852 [FXGL Background Thread 6 ] WARN  TMXLevelLoader       - TiledMap generated from 1.0.1. Supported version: 1.2.3. Some features may not be parsed fully.
10:57:12.853 [FXGL Background Thread 6 ] DEBUG TMXLevelLoader       - Parsed TiledMap: file:/C:/Users/jasbh/Downloads/game%202/target/classes/assets/levels/tmx/level1.tmx
10:57:12.853 [FXGL Background Thread 6 ] DEBUG TMXLevelLoader       - Creating tile layer entities
10:57:12.853 [FXGL Background Thread 6 ] DEBUG TilesetLoader        - Loading view for layer Tile Layer 1
10:57:12.853 [FXGL Background Thread 6 ] DEBUG TilesetLoader        - Created buffer with size 1050.0x700.0
10:57:12.860 [FXGL Background Thread 6 ] DEBUG TMXLevelLoader       - Creating object layer entities
10:57:12.861 [FXGL Background Thread 6 ] DEBUG GameWorld            - Clearing removable entities
10:57:12.861 [FXGL Background Thread 6 ] DEBUG GameWorld            - Setting level: com.almasb.fxgl.entity.level.Level@23635cd7
10:57:12.862 [FXGL Background Thread 6 ] INFO  FXGLApplication      - Game initialization took: 0.011 sec
10:57:12.863 [JavaFX Application Thread] DEBUG Input                - Clearing active input actions
10:57:12.866 [JavaFX Application Thread] DEBUG GameApplicationServi - Removing overlay from FXGLLoadingScene and adding to GameScene
10:57:12.866 [JavaFX Application Thread] DEBUG PrimaryStageWindow   - FXGLLoadingScene -> GameScene
10:57:22.614 [JavaFX Application Thread] WARN  TMXLevelLoader       - TiledMap generated from 1.0.1. Supported version: 1.2.3. Some features may not be parsed fully.
10:57:22.615 [JavaFX Application Thread] DEBUG TMXLevelLoader       - Parsed TiledMap: file:/C:/Users/jasbh/Downloads/game%202/target/classes/assets/levels/tmx/level2.tmx
10:57:22.615 [JavaFX Application Thread] DEBUG TMXLevelLoader       - Creating tile layer entities
10:57:22.615 [JavaFX Application Thread] DEBUG TilesetLoader        - Loading view for layer Tile Layer 1
10:57:22.615 [JavaFX Application Thread] DEBUG TilesetLoader        - Created buffer with size 1050.0x700.0
10:57:22.622 [JavaFX Application Thread] DEBUG TMXLevelLoader       - Creating object layer entities
10:57:22.623 [JavaFX Application Thread] DEBUG GameWorld            - Clearing removable entities
10:57:22.623 [JavaFX Application Thread] DEBUG GameWorld            - Setting level: com.almasb.fxgl.entity.level.Level@58feeeea
10:57:37.153 [JavaFX Application Thread] WARN  TMXLevelLoader       - TiledMap generated from 1.0.1. Supported version: 1.2.3. Some features may not be parsed fully.
10:57:37.154 [JavaFX Application Thread] DEBUG TMXLevelLoader       - Parsed TiledMap: file:/C:/Users/jasbh/Downloads/game%202/target/classes/assets/levels/tmx/level3.tmx
10:57:37.154 [JavaFX Application Thread] DEBUG TMXLevelLoader       - Creating tile layer entities
10:57:37.154 [JavaFX Application Thread] DEBUG TilesetLoader        - Loading view for layer Tile Layer 1
10:57:37.154 [JavaFX Application Thread] DEBUG TilesetLoader        - Created buffer with size 1050.0x700.0
10:57:37.162 [JavaFX Application Thread] DEBUG TMXLevelLoader       - Creating object layer entities
10:57:37.163 [JavaFX Application Thread] DEBUG GameWorld            - Clearing removable entities
10:57:37.163 [JavaFX Application Thread] DEBUG GameWorld            - Setting level: com.almasb.fxgl.entity.level.Level@27557cf2
10:57:46.426 [JavaFX Application Thread] WARN  TMXLevelLoader       - TiledMap generated from 1.0.1. Supported version: 1.2.3. Some features may not be parsed fully.
10:57:46.427 [JavaFX Application Thread] DEBUG TMXLevelLoader       - Parsed TiledMap: file:/C:/Users/jasbh/Downloads/game%202/target/classes/assets/levels/tmx/level4.tmx
10:57:46.427 [JavaFX Application Thread] DEBUG TMXLevelLoader       - Creating tile layer entities
10:57:46.427 [JavaFX Application Thread] DEBUG TilesetLoader        - Loading view for layer Tile Layer 1
10:57:46.427 [JavaFX Application Thread] DEBUG TilesetLoader        - Created buffer with size 1050.0x700.0
10:57:46.434 [JavaFX Application Thread] DEBUG TMXLevelLoader       - Creating object layer entities
10:57:46.435 [JavaFX Application Thread] DEBUG GameWorld            - Clearing removable entities
10:57:46.436 [JavaFX Application Thread] DEBUG GameWorld            - Setting level: com.almasb.fxgl.entity.level.Level@4d04f41a
10:58:00.068 [JavaFX Application Thread] DEBUG PrimaryStageWindow   - Push state: DialogSubScene
10:58:00.068 [JavaFX Application Thread] DEBUG Input                - Clearing active input actions
10:58:00.069 [JavaFX Application Thread] DEBUG GameApplicationServi - Removing overlay from GameScene and adding to DialogSubScene
10:58:00.069 [JavaFX Application Thread] DEBUG PrimaryStageWindow   - GameScene -> DialogSubScene
10:58:02.750 [JavaFX Application Thread] DEBUG PrimaryStageWindow   - Pop state: DialogSubScene
10:58:02.751 [JavaFX Application Thread] DEBUG Input                - Clearing active input actions
10:58:02.751 [JavaFX Application Thread] DEBUG GameApplicationServi - Removing overlay from DialogSubScene and adding to GameScene
10:58:02.751 [JavaFX Application Thread] DEBUG PrimaryStageWindow   - GameScene <- DialogSubScene
10:58:02.751 [JavaFX Application Thread] DEBUG Input                - Clearing active input actions
10:58:02.753 [JavaFX Application Thread] DEBUG GameApplicationServi - Removing overlay from GameScene and adding to FXGLMainMenuDummyScene
10:58:02.753 [JavaFX Application Thread] DEBUG PrimaryStageWindow   - GameScene -> FXGLMainMenuDummyScene
10:58:02.753 [JavaFX Application Thread] DEBUG PrimaryStageWindow   - Push state: MyMenu
10:58:02.753 [JavaFX Application Thread] DEBUG Input                - Clearing active input actions
10:58:02.753 [JavaFX Application Thread] DEBUG GameApplicationServi - Removing overlay from FXGLMainMenuDummyScene and adding to MyMenu
10:58:02.753 [JavaFX Application Thread] DEBUG PrimaryStageWindow   - FXGLMainMenuDummyScene -> MyMenu
10:58:03.391 [JavaFX Application Thread] DEBUG PrimaryStageWindow   - Push state: DialogSubScene
10:58:03.391 [JavaFX Application Thread] DEBUG Input                - Clearing active input actions
10:58:03.391 [JavaFX Application Thread] DEBUG GameApplicationServi - Removing overlay from MyMenu and adding to DialogSubScene
10:58:03.391 [JavaFX Application Thread] DEBUG PrimaryStageWindow   - MyMenu -> DialogSubScene
10:58:04.590 [JavaFX Application Thread] DEBUG PrimaryStageWindow   - Pop state: DialogSubScene
10:58:04.590 [JavaFX Application Thread] DEBUG Input                - Clearing active input actions
10:58:04.590 [JavaFX Application Thread] DEBUG GameApplicationServi - Removing overlay from DialogSubScene and adding to MyMenu
10:58:04.590 [JavaFX Application Thread] DEBUG PrimaryStageWindow   - MyMenu <- DialogSubScene
10:58:08.086 [JavaFX Application Thread] DEBUG PrimaryStageWindow   - Push state: DialogSubScene
10:58:08.086 [JavaFX Application Thread] DEBUG Input                - Clearing active input actions
10:58:08.088 [JavaFX Application Thread] DEBUG GameApplicationServi - Removing overlay from MyMenu and adding to DialogSubScene
10:58:08.088 [JavaFX Application Thread] DEBUG PrimaryStageWindow   - MyMenu -> DialogSubScene
10:58:09.519 [JavaFX Application Thread] DEBUG PrimaryStageWindow   - Pop state: DialogSubScene
10:58:09.519 [JavaFX Application Thread] DEBUG Input                - Clearing active input actions
10:58:09.519 [JavaFX Application Thread] DEBUG GameApplicationServi - Removing overlay from DialogSubScene and adding to MyMenu
10:58:09.519 [JavaFX Application Thread] DEBUG PrimaryStageWindow   - MyMenu <- DialogSubScene
10:58:10.831 [JavaFX Application Thread] DEBUG Menu                 - fireExit()
10:58:10.832 [JavaFX Application Thread] DEBUG PrimaryStageWindow   - Push state: DialogSubScene
10:58:10.832 [JavaFX Application Thread] DEBUG Input                - Clearing active input actions
10:58:10.832 [JavaFX Application Thread] DEBUG GameApplicationServi - Removing overlay from MyMenu and adding to DialogSubScene
10:58:10.832 [JavaFX Application Thread] DEBUG PrimaryStageWindow   - MyMenu -> DialogSubScene
10:58:11.349 [JavaFX Application Thread] DEBUG PrimaryStageWindow   - Pop state: DialogSubScene
10:58:11.349 [JavaFX Application Thread] DEBUG Input                - Clearing active input actions
10:58:11.351 [JavaFX Application Thread] DEBUG GameApplicationServi - Removing overlay from DialogSubScene and adding to MyMenu
10:58:11.351 [JavaFX Application Thread] DEBUG PrimaryStageWindow   - MyMenu <- DialogSubScene
10:58:11.351 [JavaFX Application Thread] DEBUG FXGLApplication      - Exiting FXGL
10:58:11.351 [JavaFX Application Thread] DEBUG LoopRunner           - Stopping loop
10:58:11.351 [JavaFX Application Thread] DEBUG SystemBundleService  - Saving FXGL system data
10:58:11.352 [JavaFX Application Thread] DEBUG FileSystemAccess     - Writing to: C:\Users\jasbh\Downloads\game 2\system\fxgl.bundle
10:58:11.354 [JavaFX Application Thread] DEBUG Async                - Shutting down background threads
10:58:11.354 [JavaFX Application Thread] DEBUG PrimaryStageWindow   - Closing main window
10:58:11.366 [JavaFX Application Thread] DEBUG Logger               - Closing Logger
